[21:58:30.697] Global cache location '/home/tony/.cache/typescript/4.2', safe file path '/usr/lib/node_modules/typescript/lib/typingSafeList.json', types map path /usr/lib/node_modules/typescript/lib/typesMap.json
[21:58:30.702] Processing cache location '/home/tony/.cache/typescript/4.2'
[21:58:30.702] Trying to find '/home/tony/.cache/typescript/4.2/package.json'...
[21:58:30.726] Loaded content of '/home/tony/.cache/typescript/4.2/package.json': {"private":true,"dependencies":{"types-registry":"^0.1.531"},"devDependencies":{"@types/abbrev":"^1.1.1","@types/accepts":"^1.3.5","@types/acorn":"^4.0.5","@types/ajv-errors":"^1.0.3","@types/ajv-keywords":"^3.4.0","@types/ansi-styles":"^3.2.1","@types/anymatch":"^1.3.1","@types/are-we-there-yet":"^1.1.0","@types/argparse":"^2.0.5","@types/aria-query":"^4.2.1","@types/arr-diff":"^4.0.0","@types/arr-union":"^3.1.0","@types/array-unique":"^0.3.0","@types/array.prototype.flat":"^1.2.1","@types/array.prototype.flatmap":"^1.2.2","@types/asap":"^2.0.0","@types/asn1":"^0.2.0","@types/assert":"^1.5.4","@types/assert-plus":"^1.0.4","@types/async":"^3.2.5","@types/atob":"^2.1.2","@types/aws4":"^1.5.1","@types/babel__core":"^7.1.12","@types/babel-code-frame":"^6.20.4","@types/babel-core":"^6.25.6","@types/babel-plugin-macros":"^2.8.4","@types/babel-plugin-syntax-jsx":"^6.18.0","@types/babel-template":"^6.25.2","@types/babel-traverse":"^6.25.5","@types/babel-types":"^7.0.9","@types/babylon":"^6.16.5","@types/balanced-match":"^1.0.1","@types/base64-arraybuffer":"^0.1.0","@types/base64-js":"^1.3.0","@types/big.js":"^6.0.2","@types/bl":"^4.1.0","@types/bluebird":"^3.5.33","@types/bn.js":"^5.1.0","@types/body-parser":"^1.19.0","@types/bonjour":"^3.5.8","@types/boolbase":"^1.0.0","@types/brace-expansion":"^1.1.0","@types/braces":"^3.0.0","@types/brorand":"^1.0.30","@types/browser-resolve":"^2.0.0","@types/bser":"^2.0.0","@types/buffer-from":"^1.1.0","@types/buffer-xor":"^2.0.0","@types/bytes":"^3.1.0","@types/cacache":"^15.0.0","@types/call-bind":"^1.0.0","@types/camelcase-css":"^2.0.0","@types/caniuse-api":"^3.0.1","@types/caniuse-lite":"^1.0.0","@types/case-sensitive-paths-webpack-plugin":"^2.1.4","@types/caseless":"^0.12.2","@types/chardet":"^0.8.0","@types/chart.js":"^2.9.31","@types/check-types":"^7.3.1","@types/chownr":"^1.0.0","@types/ci-info":"^2.0.0","@types/cipher-base":"^1.0.0","@types/classnames":"^2.2.11","@types/clean-css":"^4.2.3","@types/cli-spinners":"^1.3.0","@types/cli-table":"^0.3.0","@types/clone":"^2.1.0","@types/clone-deep":"^4.0.1","@types/co":"^4.6.2","@types/color":"^3.0.1","@types/color-convert":"^2.0.0","@types/color-name":"^1.1.1","@types/color-string":"^1.5.0","@types/combined-stream":"^1.0.2","@types/common-tags":"^1.8.0","@types/commondir":"^1.0.0","@types/component-emitter":"^1.2.10","@types/compose-function":"^0.0.30","@types/compressible":"^2.0.0","@types/compression":"^1.7.0","@types/concat-map":"^0.0.0","@types/concat-stream":"^1.6.0","@types/config":"^0.0.38","@types/confusing-browser-globals":"^1.0.0","@types/connect-history-api-fallback":"^1.3.3","@types/contains-path":"^1.0.0","@types/content-disposition":"^0.5.3","@types/content-type":"^1.1.3","@types/convert-source-map":"^1.5.1","@types/cookie":"^0.4.0","@types/cookie-signature":"^1.0.3","@types/cookiejar":"^2.1.2","@types/core-js":"^2.5.4","@types/create-hash":"^1.2.2","@types/create-hmac":"^1.1.0","@types/create-react-class":"^15.6.3","@types/cross-spawn":"^6.0.2","@types/css":"^0.0.31","@types/css-declaration-sorter":"^5.1.0","@types/css-selector-tokenizer":"^0.7.0","@types/css-tree":"^1.0.5","@types/cssesc":"^3.0.0","@types/cssnano":"^4.0.0","@types/csso":"^3.5.1","@types/cssom":"^0.4.1","@types/cssstyle":"^2.2.1","@types/d":"^1.0.0","@types/dashdash":"^1.14.0","@types/data-urls":"^2.0.0","@types/date-now":"^1.0.0","@types/debug":"^4.1.5","@types/decode-uri-component":"^0.2.0","@types/dedent":"^0.7.0","@types/deep-equal":"^1.0.1","@types/deep-extend":"^0.4.31","@types/default-gateway":"^3.0.1","@types/defaults":"^1.0.3","@types/define-properties":"^1.1.3","@types/defined":"^1.0.0","@types/depd":"^1.1.32","@types/destroy":"^1.0.0","@types/detect-node":"^2.0.0","@types/detective":"^5.1.1","@types/didyoumean":"^1.2.0","@types/diffie-hellman":"^5.0.0","@types/dir-glob":"^2.0.0","@types/doctrine":"^0.0.3","@types/dom-matches":"^2.0.0","@types/domexception":"^2.0.1","@types/domhandler":"^2.4.1","@types/domutils":"^1.7.3","@types/draft-js":"^0.10.44","@types/draftjs-to-html":"^0.8.0","@types/duplexify":"^3.6.0","@types/ee-first":"^1.1.0","@types/ejs":"^3.0.6","@types/elliptic":"^6.4.12","@types/encodeurl":"^1.0.0","@types/end-of-stream":"^1.4.0","@types/enhanced-resolve":"^3.0.6","@types/enquire.js":"^2.1.2","@types/entities":"^1.1.1","@types/es-abstract":"^1.17.2","@types/es-to-primitive":"^1.2.4","@types/escape-html":"^1.0.0","@types/escodegen":"^0.0.6","@types/eslint":"^7.2.6","@types/eslint-scope":"^3.7.0","@types/eslint-visitor-keys":"^1.0.0","@types/esprima":"^4.0.2","@types/esquery":"^1.0.1","@types/estraverse":"^5.1.0","@types/etag":"^1.8.0","@types/event-emitter":"^0.3.3","@types/events":"^3.0.0","@types/eventsource":"^1.1.5","@types/exit":"^0.1.31","@types/expand-tilde":"^2.0.0","@types/express":"^4.17.11","@types/extend":"^3.0.1","@types/extsprintf":"^1.4.1","@types/fabric":"^4.2.3","@types/fast-json-stable-stringify":"^2.0.0","@types/fast-levenshtein":"^0.0.1","@types/fb-watchman":"^2.0.0","@types/fbjs":"^3.0.0","@types/file-entry-cache":"^5.0.1","@types/file-loader":"^4.2.0","@types/file-saver":"^2.0.1","@types/finalhandler":"^1.1.0","@types/find-cache-dir":"^3.2.0","@types/find-root":"^1.1.2","@types/flat-cache":"^2.0.0","@types/flush-write-stream":"^1.0.0","@types/follow-redirects":"^1.13.0","@types/forever-agent":"^0.6.0","@types/formidable":"^1.0.32","@types/forwarded":"^0.1.0","@types/fresh":"^0.5.0","@types/from2":"^2.3.0","@types/fs-extra":"^9.0.8","@types/fscreen":"^1.0.1","@types/function-bind":"^1.1.6","@types/get-caller-file":"^1.0.0","@types/get-intrinsic":"^1.0.0","@types/get-value":"^3.0.1","@types/getpass":"^0.1.0","@types/glob":"^7.1.3","@types/glob-parent":"^5.1.0","@types/glob-stream":"^6.1.0","@types/glob-to-regexp":"^0.4.0","@types/global-modules":"^2.0.0","@types/global-prefix":"^3.0.0","@types/graceful-fs":"^4.1.5","@types/hammerjs":"^2.0.39","@types/has":"^1.0.0","@types/has-ansi":"^3.0.0","@types/has-symbols":"^1.0.0","@types/he":"^1.1.1","@types/hex-color-regex":"^1.1.0","@types/history":"^4.7.8","@types/hoek":"^4.1.3","@types/hosted-git-info":"^3.0.1","@types/html-encoding-sniffer":"^2.0.1","@types/html-entities":"^1.2.16","@types/html-escaper":"^3.0.0","@types/html-minifier":"^4.0.0","@types/html-minifier-terser":"^5.1.1","@types/html-to-draftjs":"^1.4.0","@types/html-webpack-plugin":"^3.2.4","@types/htmlparser2":"^3.10.2","@types/http-errors":"^1.8.0","@types/http-proxy":"^1.17.5","@types/http-proxy-middleware":"^0.19.3","@types/icss-utils":"^4.1.0","@types/iferr":"^1.0.2","@types/ignore-walk":"^3.0.1","@types/imurmurhash":"^0.1.1","@types/inherits":"^0.0.30","@types/ini":"^1.3.30","@types/inquirer":"^7.3.1","@types/insert-css":"^2.0.0","@types/internal-slot":"^1.0.1","@types/invariant":"^2.2.34","@types/ip":"^1.1.0","@types/is-absolute":"^1.0.0","@types/is-arguments":"^1.0.0","@types/is-buffer":"^2.0.0","@types/is-callable":"^1.1.0","@types/is-ci":"^2.0.0","@types/is-core-module":"^2.2.0","@types/is-date-object":"^1.0.1","@types/is-glob":"^4.0.1","@types/is-negated-glob":"^1.0.0","@types/is-number":"^7.0.1","@types/is-promise":"^2.1.0","@types/is-regex":"^1.0.0","@types/is-relative":"^1.0.0","@types/is-typedarray":"^1.0.0","@types/is-unc-path":"^1.0.0","@types/is-windows":"^1.0.0","@types/isarray":"^2.0.0","@types/isexe":"^2.0.0","@types/isomorphic-fetch":"^0.0.35","@types/isstream":"^0.1.0","@types/istanbul-lib-coverage":"^2.0.3","@types/istanbul-lib-hook":"^2.0.1","@types/istanbul-lib-instrument":"^1.7.4","@types/istanbul-lib-report":"^3.0.0","@types/istanbul-lib-source-maps":"^4.0.1","@types/istanbul-reports":"^3.0.0","@types/jest":"^26.0.20","@types/js-levenshtein":"^1.1.0","@types/js-yaml":"^4.0.0","@types/jsbn":"^1.2.29","@types/jsdom":"^16.2.6","@types/jsesc":"^2.5.1","@types/json-parse-better-errors":"^1.0.0","@types/json-schema":"^7.0.7","@types/json-stable-stringify":"^1.0.32","@types/json-stringify-safe":"^5.0.0","@types/json2mq":"^0.2.0","@types/json3":"^3.3.2","@types/jsonfile":"^6.0.0","@types/jspdf":"^1.3.3","@types/kind-of":"^6.0.0","@types/language-tags":"^1.0.0","@types/leaflet":"^1.5.23","@types/less":"^3.0.2","@types/linkify-it":"^3.0.0","@types/loader-runner":"^2.2.3","@types/loader-utils":"^2.0.1","@types/loadjs":"^4.0.0","@types/locale":"^0.1.0","@types/lodash":"^4.14.168","@types/lodash.camelcase":"^4.3.6","@types/lodash.debounce":"^4.0.6","@types/lodash.isarguments":"^3.1.6","@types/lodash.isarray":"^4.0.6","@types/lodash.keys":"^4.2.6","@types/lodash.memoize":"^4.1.6","@types/lodash.sortby":"^4.7.6","@types/lodash.tail":"^4.1.6","@types/lodash.template":"^4.5.0","@types/lodash.throttle":"^4.1.6","@types/lodash.toarray":"^4.4.6","@types/lodash.uniq":"^4.5.6","@types/lru-cache":"^5.1.0","@types/luxon":"^1.26.2","@types/lz-string":"^1.3.34","@types/media-typer":"^1.1.0","@types/memory-fs":"^0.3.2","@types/merge-deep":"^3.0.0","@types/merge-descriptors":"^1.0.1","@types/merge-stream":"^1.1.2","@types/merge2":"^1.3.0","@types/methods":"^1.1.1","@types/micromatch":"^4.0.1","@types/mime":"^2.0.3","@types/mime-db":"^1.43.0","@types/mime-types":"^2.1.0","@types/min-indent":"^1.0.0","@types/mini-css-extract-plugin":"^1.2.2","@types/minimalistic-assert":"^1.0.1","@types/minimatch":"^3.0.3","@types/minimist":"^1.2.1","@types/minipass":"^2.2.0","@types/minizlib":"^2.1.0","@types/mkdirp":"^1.0.1","@types/move-concurrently":"^1.0.2","@types/ms":"^0.7.31","@types/mute-stream":"^0.0.0","@types/natural-compare":"^1.4.0","@types/needle":"^2.5.1","@types/negotiator":"^0.6.1","@types/next-tick":"^1.0.0","@types/nice-try":"^2.1.0","@types/node":"^14.14.31","@types/node-emoji":"^1.8.1","@types/node-fetch":"^2.5.8","@types/node-forge":"^0.9.7","@types/node-int64":"^0.4.29","@types/node-notifier":"^8.0.0","@types/nopt":"^3.0.29","@types/normalize-package-data":"^2.4.0","@types/normalize-path":"^3.0.0","@types/npm-packlist":"^1.1.1","@types/npmlog":"^4.1.2","@types/num2fraction":"^1.2.0","@types/number-is-nan":"^2.0.0","@types/nwmatcher":"^1.4.2","@types/object-assign":"^4.0.30","@types/object-hash":"^1.3.4","@types/object-inspect":"^1.8.0","@types/object-keys":"^1.0.1","@types/object.fromentries":"^2.0.0","@types/object.getownpropertydescriptors":"^2.1.1","@types/object.pick":"^1.3.0","@types/omggif":"^1.0.1","@types/on-finished":"^2.3.1","@types/on-headers":"^1.0.0","@types/once":"^1.4.0","@types/optimist":"^0.0.29","@types/optimize-css-assets-webpack-plugin":"^5.0.2","@types/original":"^1.0.0","@types/os-homedir":"^1.0.0","@types/os-tmpdir":"^1.0.0","@types/osenv":"^0.1.0","@types/pako":"^1.0.1","@types/parallel-transform":"^1.1.0","@types/parse-json":"^4.0.0","@types/parse-passwd":"^1.0.0","@types/parse5":"^6.0.0","@types/parseurl":"^1.3.1","@types/pascalcase":"^1.0.0","@types/path-is-absolute":"^1.0.0","@types/path-is-inside":"^1.0.0","@types/path-parse":"^1.0.19","@types/pbkdf2":"^3.1.0","@types/pdf-viewer-reactjs":"^2.2.1","@types/pdfjs-dist":"^2.1.7","@types/picomatch":"^2.2.1","@types/pify":"^5.0.0","@types/pikaday":"^1.7.4","@types/postcss-calc":"^7.0.0","@types/postcss-custom-properties":"^9.1.0","@types/postcss-flexbugs-fixes":"^4.2.0","@types/postcss-focus-within":"^4.0.0","@types/postcss-gap-properties":"^2.0.0","@types/postcss-load-config":"^2.0.1","@types/postcss-modules-extract-imports":"^2.0.0","@types/postcss-modules-local-by-default":"^1.2.0","@types/postcss-modules-scope":"^1.1.0","@types/postcss-modules-values":"^3.0.0","@types/postcss-normalize":"^9.0.0","@types/postcss-preset-env":"^6.7.1","@types/postcss-safe-parser":"^4.0.0","@types/prelude-ls":"^1.1.29","@types/prettier":"^2.2.2","@types/pretty-hrtime":"^1.0.0","@types/progress":"^2.0.3","@types/promise-inflight":"^1.0.0","@types/promise-polyfill":"^6.0.3","@types/prompts":"^2.0.9","@types/prop-types":"^15.7.3","@types/proxy-addr":"^2.0.0","@types/psl":"^1.1.0","@types/pump":"^1.1.1","@types/pumpify":"^1.4.1","@types/punycode":"^2.1.0","@types/q":"^1.5.4","@types/qs":"^6.9.5","@types/querystringify":"^2.0.0","@types/raf":"^3.4.0","@types/raf-schd":"^4.0.0","@types/randombytes":"^2.0.0","@types/range-parser":"^1.2.3","@types/rc":"^1.1.0","@types/rc-select":"^5.9.34","@types/rc-slider":"^8.6.6","@types/rc-steps":"^3.5.0","@types/rc-switch":"^1.9.0","@types/rc-time-picker":"^3.4.1","@types/rc-tooltip":"^3.7.3","@types/rc-tree":"^1.11.3","@types/react":"^17.0.2","@types/react-async-script":"^1.2.0","@types/react-beautiful-dnd":"^13.0.0","@types/react-big-scheduler":"^0.2.2","@types/react-countup":"^4.3.0","@types/react-css-modules":"^4.6.2","@types/react-dev-utils":"^9.0.4","@types/react-dom":"^17.0.1","@types/react-draft-wysiwyg":"^1.13.1","@types/react-google-recaptcha":"^2.1.0","@types/react-helmet":"^6.1.0","@types/react-infinite-scroller":"^1.2.1","@types/react-input-autosize":"^2.2.0","@types/react-is":"^17.0.0","@types/react-leaflet":"^2.8.1","@types/react-lifecycles-compat":"^3.0.1","@types/react-loadable":"^5.5.4","@types/react-redux":"^7.1.16","@types/react-router":"^5.1.12","@types/react-router-dom":"^5.1.7","@types/react-select":"^4.0.13","@types/react-side-effect":"^1.1.1","@types/react-slick":"^0.23.4","@types/react-transition-group":"^4.4.1","@types/readable-stream":"^2.3.9","@types/recursive-readdir":"^2.2.0","@types/regenerator-runtime":"^0.13.0","@types/relateurl":"^0.2.28","@types/repeat-element":"^1.1.0","@types/repeat-string":"^1.6.0","@types/request":"^2.48.5","@types/request-promise-native":"^1.0.17","@types/require-directory":"^2.1.1","@types/require-from-string":"^1.2.0","@types/requires-port":"^1.0.0","@types/resolve":"^1.20.0","@types/retry":"^0.12.0","@types/rimraf":"^3.0.0","@types/ripemd160":"^2.0.0","@types/rsvp":"^4.0.3","@types/run-parallel":"^1.1.0","@types/safe-regex":"^1.1.2","@types/safer-buffer":"^2.1.0","@types/sane":"^2.0.0","@types/sass-loader":"^8.0.0","@types/sax":"^1.2.1","@types/scheduler":"^0.16.1","@types/seamless-immutable":"^7.1.15","@types/semver":"^7.3.4","@types/send":"^0.14.6","@types/serialize-javascript":"^5.0.0","@types/serve-index":"^1.7.30","@types/serve-static":"^1.13.9","@types/set-value":"^2.0.0","@types/setimmediate":"^1.0.2","@types/sha.js":"^2.4.0","@types/shallowequal":"^1.1.1","@types/shebang-command":"^1.2.0","@types/shell-quote":"^1.7.0","@types/signal-exit":"^3.0.0","@types/slice-ansi":"^4.0.0","@types/slick-carousel":"^1.6.34","@types/sockjs":"^0.3.32","@types/sockjs-client":"^1.5.0","@types/source-list-map":"^0.1.2","@types/source-map-support":"^0.5.3","@types/spdx-correct":"^2.0.0","@types/spdx-expression-parse":"^3.0.0","@types/spdy":"^3.4.4","@types/split2":"^2.1.6","@types/sprintf":"^0.1.0","@types/sprintf-js":"^1.1.2","@types/sshpk":"^1.10.5","@types/ssri":"^7.1.0","@types/stack-utils":"^2.0.0","@types/statuses":"^2.0.0","@types/stream-each":"^1.2.0","@types/stream-shift":"^1.0.0","@types/strict-uri-encode":"^2.0.0","@types/string-natural-compare":"^3.0.0","@types/string.prototype.matchall":"^4.0.0","@types/stringify-object":"^3.3.0","@types/strip-comments":"^2.0.0","@types/superagent":"^4.1.10","@types/supports-color":"^7.2.0","@types/svg-parser":"^2.0.1","@types/svgo":"^1.3.4","@types/symbol-tree":"^3.2.1","@types/table":"^6.0.0","@types/tapable":"^1.0.6","@types/tar":"^4.0.4","@types/terser-webpack-plugin":"^5.0.2","@types/testing-library__jest-dom":"^5.9.5","@types/text-table":"^0.2.1","@types/through":"^0.0.30","@types/through2":"^2.0.36","@types/timsort":"^0.3.0","@types/tinycolor2":"^1.4.2","@types/tmp":"^0.2.0","@types/to-absolute-glob":"^2.0.0","@types/topo":"^3.0.0","@types/touch":"^3.1.1","@types/tough-cookie":"^4.0.0","@types/tryer":"^1.0.1","@types/type-check":"^0.3.27","@types/type-detect":"^4.0.1","@types/type-is":"^1.6.3","@types/ua-parser-js":"^0.7.35","@types/uglify-js":"^3.13.0","@types/uglifyjs-webpack-plugin":"^1.1.0","@types/unc-path-regex":"^0.1.0","@types/uniq":"^0.0.27","@types/universalify":"^1.0.0","@types/urix":"^0.1.0","@types/url-parse":"^1.4.3","@types/util-deprecate":"^1.0.0","@types/util.promisify":"^1.0.4","@types/utils-merge":"^0.0.28","@types/uuid":"^8.3.0","@types/validate-npm-package-license":"^3.0.0","@types/vary":"^1.1.0","@types/verror":"^1.10.4","@types/void-elements":"^3.1.0","@types/w3c-xmlserializer":"^2.0.1","@types/warning":"^3.0.0","@types/watchpack":"^1.1.6","@types/wcwidth":"^1.0.0","@types/webidl-conversions":"^6.1.0","@types/webpack":"^4.41.26","@types/webpack-dev-middleware":"^4.1.0","@types/webpack-dev-server":"^3.11.1","@types/webpack-manifest-plugin":"^3.0.3","@types/webpack-merge":"^4.1.5","@types/webpack-sources":"^2.1.0","@types/whatwg-encoding":"^1.0.0","@types/whatwg-mimetype":"^2.1.0","@types/whatwg-url":"^8.0.0","@types/which":"^2.0.0","@types/wordwrap":"^1.0.0","@types/workbox-background-sync":"^4.3.1","@types/workbox-build":"^5.0.0","@types/workbox-cacheable-response":"^4.3.0","@types/workbox-core":"^4.3.0","@types/workbox-google-analytics":"^4.3.0","@types/workbox-navigation-preload":"^4.3.0","@types/workbox-precaching":"^4.3.0","@types/workbox-range-requests":"^4.3.0","@types/workbox-routing":"^4.3.0","@types/workbox-strategies":"^4.3.0","@types/workbox-streams":"^4.3.0","@types/workbox-sw":"^4.3.1","@types/workbox-webpack-plugin":"^5.1.5","@types/wrap-ansi":"^3.0.0","@types/write":"^2.0.0","@types/write-file-atomic":"^3.0.1","@types/ws":"^7.4.0","@types/xmldom":"^0.1.30","@types/xregexp":"^4.3.0","@types/xtend":"^4.0.3","@types/y18n":"^4.0.0","@types/yallist":"^3.0.1","@types/yargs":"^16.0.0","@types/yargs-parser":"^20.2.0"}}
[21:58:30.727] Loaded content of '/home/tony/.cache/typescript/4.2/package-lock.json'
[21:58:30.762] Adding entry into typings cache: 'abbrev' => '/home/tony/.cache/typescript/4.2/node_modules/@types/abbrev/index.d.ts'
[21:58:30.767] Adding entry into typings cache: 'accepts' => '/home/tony/.cache/typescript/4.2/node_modules/@types/accepts/index.d.ts'
[21:58:30.772] Adding entry into typings cache: 'acorn' => '/home/tony/.cache/typescript/4.2/node_modules/acorn/dist/acorn.d.ts'
[21:58:30.776] Adding entry into typings cache: 'ajv-errors' => '/home/tony/.cache/typescript/4.2/node_modules/@types/ajv-errors/index.d.ts'
[21:58:30.781] Adding entry into typings cache: 'ajv-keywords' => '/home/tony/.cache/typescript/4.2/node_modules/ajv-keywords/ajv-keywords.d.ts'
[21:58:30.786] Adding entry into typings cache: 'ansi-styles' => '/home/tony/.cache/typescript/4.2/node_modules/ansi-styles/index.d.ts'
[21:58:30.792] Adding entry into typings cache: 'anymatch' => '/home/tony/.cache/typescript/4.2/node_modules/@types/anymatch/index.d.ts'
[21:58:30.798] Adding entry into typings cache: 'are-we-there-yet' => '/home/tony/.cache/typescript/4.2/node_modules/@types/are-we-there-yet/index.d.ts'
[21:58:30.805] Adding entry into typings cache: 'argparse' => '/home/tony/.cache/typescript/4.2/node_modules/@types/argparse/index.d.ts'
[21:58:30.810] Adding entry into typings cache: 'aria-query' => '/home/tony/.cache/typescript/4.2/node_modules/@types/aria-query/index.d.ts'
[21:58:30.819] Adding entry into typings cache: 'arr-diff' => '/home/tony/.cache/typescript/4.2/node_modules/@types/arr-diff/index.d.ts'
[21:58:30.827] Adding entry into typings cache: 'arr-union' => '/home/tony/.cache/typescript/4.2/node_modules/@types/arr-union/index.d.ts'
[21:58:30.835] Adding entry into typings cache: 'array-unique' => '/home/tony/.cache/typescript/4.2/node_modules/@types/array-unique/index.d.ts'
[21:58:30.838] Adding entry into typings cache: 'array.prototype.flat' => '/home/tony/.cache/typescript/4.2/node_modules/@types/array.prototype.flat/index.d.ts'
[21:58:30.841] Adding entry into typings cache: 'array.prototype.flatmap' => '/home/tony/.cache/typescript/4.2/node_modules/@types/array.prototype.flatmap/index.d.ts'
[21:58:30.843] Adding entry into typings cache: 'asap' => '/home/tony/.cache/typescript/4.2/node_modules/@types/asap/index.d.ts'
[21:58:30.846] Adding entry into typings cache: 'asn1' => '/home/tony/.cache/typescript/4.2/node_modules/@types/asn1/index.d.ts'
[21:58:30.850] Adding entry into typings cache: 'assert' => '/home/tony/.cache/typescript/4.2/node_modules/@types/assert/index.d.ts'
[21:58:30.853] Adding entry into typings cache: 'assert-plus' => '/home/tony/.cache/typescript/4.2/node_modules/@types/assert-plus/index.d.ts'
[21:58:30.857] Adding entry into typings cache: 'async' => '/home/tony/.cache/typescript/4.2/node_modules/@types/async/index.d.ts'
[21:58:30.862] Adding entry into typings cache: 'atob' => '/home/tony/.cache/typescript/4.2/node_modules/@types/atob/index.d.ts'
[21:58:30.865] Adding entry into typings cache: 'aws4' => '/home/tony/.cache/typescript/4.2/node_modules/@types/aws4/index.d.ts'
[21:58:30.908] Adding entry into typings cache: 'babel__core' => '/home/tony/.cache/typescript/4.2/node_modules/@types/babel__core/index.d.ts'
[21:58:30.910] Adding entry into typings cache: 'babel-code-frame' => '/home/tony/.cache/typescript/4.2/node_modules/@types/babel-code-frame/index.d.ts'
[21:58:30.915] Adding entry into typings cache: 'babel-core' => '/home/tony/.cache/typescript/4.2/node_modules/@types/babel-core/index.d.ts'
[21:58:30.923] Adding entry into typings cache: 'babel-plugin-macros' => '/home/tony/.cache/typescript/4.2/node_modules/@types/babel-plugin-macros/index.d.ts'
[21:58:30.925] Adding entry into typings cache: 'babel-plugin-syntax-jsx' => '/home/tony/.cache/typescript/4.2/node_modules/@types/babel-plugin-syntax-jsx/index.d.ts'
[21:58:30.928] Adding entry into typings cache: 'babel-template' => '/home/tony/.cache/typescript/4.2/node_modules/@types/babel-template/index.d.ts'
[21:58:30.930] Adding entry into typings cache: 'babel-traverse' => '/home/tony/.cache/typescript/4.2/node_modules/@types/babel-traverse/index.d.ts'
[21:58:30.936] Adding entry into typings cache: 'babel-types' => '/home/tony/.cache/typescript/4.2/node_modules/@types/babel-types/index.d.ts'
[21:58:30.939] Adding entry into typings cache: 'babylon' => '/home/tony/.cache/typescript/4.2/node_modules/@types/babylon/index.d.ts'
[21:58:30.941] Adding entry into typings cache: 'balanced-match' => '/home/tony/.cache/typescript/4.2/node_modules/@types/balanced-match/index.d.ts'
[21:58:30.945] Adding entry into typings cache: 'base64-arraybuffer' => '/home/tony/.cache/typescript/4.2/node_modules/@types/base64-arraybuffer/index.d.ts'
[21:58:30.948] Adding entry into typings cache: 'base64-js' => '/home/tony/.cache/typescript/4.2/node_modules/@types/base64-js/index.d.ts'
[21:58:30.950] Adding entry into typings cache: 'big.js' => '/home/tony/.cache/typescript/4.2/node_modules/@types/big.js/index.d.ts'
[21:58:30.952] Adding entry into typings cache: 'bl' => '/home/tony/.cache/typescript/4.2/node_modules/@types/bl/index.d.ts'
[21:58:30.953] Adding entry into typings cache: 'bluebird' => '/home/tony/.cache/typescript/4.2/node_modules/@types/bluebird/index.d.ts'
[21:58:30.955] Adding entry into typings cache: 'bn.js' => '/home/tony/.cache/typescript/4.2/node_modules/@types/bn.js/index.d.ts'
[21:58:30.958] Adding entry into typings cache: 'body-parser' => '/home/tony/.cache/typescript/4.2/node_modules/@types/body-parser/index.d.ts'
[21:58:30.960] Adding entry into typings cache: 'bonjour' => '/home/tony/.cache/typescript/4.2/node_modules/@types/bonjour/index.d.ts'
[21:58:30.963] Adding entry into typings cache: 'boolbase' => '/home/tony/.cache/typescript/4.2/node_modules/@types/boolbase/index.d.ts'
[21:58:30.965] Adding entry into typings cache: 'brace-expansion' => '/home/tony/.cache/typescript/4.2/node_modules/@types/brace-expansion/index.d.ts'
[21:58:30.976] Adding entry into typings cache: 'braces' => '/home/tony/.cache/typescript/4.2/node_modules/@types/braces/index.d.ts'
[21:58:30.978] Adding entry into typings cache: 'brorand' => '/home/tony/.cache/typescript/4.2/node_modules/@types/brorand/index.d.ts'
[21:58:30.980] Adding entry into typings cache: 'browser-resolve' => '/home/tony/.cache/typescript/4.2/node_modules/@types/browser-resolve/index.d.ts'
[21:58:30.983] Adding entry into typings cache: 'bser' => '/home/tony/.cache/typescript/4.2/node_modules/@types/bser/index.d.ts'
[21:58:30.986] Adding entry into typings cache: 'buffer-from' => '/home/tony/.cache/typescript/4.2/node_modules/@types/buffer-from/index.d.ts'
[21:58:30.988] Adding entry into typings cache: 'buffer-xor' => '/home/tony/.cache/typescript/4.2/node_modules/@types/buffer-xor/index.d.ts'
[21:58:30.991] Adding entry into typings cache: 'bytes' => '/home/tony/.cache/typescript/4.2/node_modules/@types/bytes/index.d.ts'
[21:58:30.993] Adding entry into typings cache: 'cacache' => '/home/tony/.cache/typescript/4.2/node_modules/@types/cacache/index.d.ts'
[21:58:30.997] Adding entry into typings cache: 'call-bind' => '/home/tony/.cache/typescript/4.2/node_modules/@types/call-bind/index.d.ts'
[21:58:30.999] Adding entry into typings cache: 'camelcase-css' => '/home/tony/.cache/typescript/4.2/node_modules/@types/camelcase-css/index.d.ts'
[21:58:31.002] Adding entry into typings cache: 'caniuse-api' => '/home/tony/.cache/typescript/4.2/node_modules/@types/caniuse-api/index.d.ts'
[21:58:31.006] Adding entry into typings cache: 'caniuse-lite' => '/home/tony/.cache/typescript/4.2/node_modules/@types/caniuse-lite/index.d.ts'
[21:58:31.008] Adding entry into typings cache: 'case-sensitive-paths-webpack-plugin' => '/home/tony/.cache/typescript/4.2/node_modules/@types/case-sensitive-paths-webpack-plugin/index.d.ts'
[21:58:31.011] Adding entry into typings cache: 'caseless' => '/home/tony/.cache/typescript/4.2/node_modules/@types/caseless/index.d.ts'
[21:58:31.014] Adding entry into typings cache: 'chardet' => '/home/tony/.cache/typescript/4.2/node_modules/@types/chardet/index.d.ts'
[21:58:31.021] Adding entry into typings cache: 'chart.js' => '/home/tony/.cache/typescript/4.2/node_modules/@types/chart.js/index.d.ts'
[21:58:31.024] Adding entry into typings cache: 'check-types' => '/home/tony/.cache/typescript/4.2/node_modules/@types/check-types/index.d.ts'
[21:58:31.040] Adding entry into typings cache: 'chownr' => '/home/tony/.cache/typescript/4.2/node_modules/@types/chownr/index.d.ts'
[21:58:31.043] Adding entry into typings cache: 'ci-info' => '/home/tony/.cache/typescript/4.2/node_modules/@types/ci-info/index.d.ts'
[21:58:31.054] Adding entry into typings cache: 'cipher-base' => '/home/tony/.cache/typescript/4.2/node_modules/@types/cipher-base/index.d.ts'
[21:58:31.057] Adding entry into typings cache: 'classnames' => '/home/tony/.cache/typescript/4.2/node_modules/@types/classnames/index.d.ts'
[21:58:31.059] Adding entry into typings cache: 'clean-css' => '/home/tony/.cache/typescript/4.2/node_modules/@types/clean-css/index.d.ts'
[21:58:31.061] Adding entry into typings cache: 'cli-spinners' => '/home/tony/.cache/typescript/4.2/node_modules/@types/cli-spinners/index.d.ts'
[21:58:31.066] Adding entry into typings cache: 'cli-table' => '/home/tony/.cache/typescript/4.2/node_modules/@types/cli-table/index.d.ts'
[21:58:31.068] Adding entry into typings cache: 'clone' => '/home/tony/.cache/typescript/4.2/node_modules/@types/clone/index.d.ts'
[21:58:31.070] Adding entry into typings cache: 'clone-deep' => '/home/tony/.cache/typescript/4.2/node_modules/@types/clone-deep/index.d.ts'
[21:58:31.072] Adding entry into typings cache: 'co' => '/home/tony/.cache/typescript/4.2/node_modules/@types/co/index.d.ts'
[21:58:31.075] Adding entry into typings cache: 'color' => '/home/tony/.cache/typescript/4.2/node_modules/@types/color/index.d.ts'
[21:58:31.080] Adding entry into typings cache: 'color-convert' => '/home/tony/.cache/typescript/4.2/node_modules/@types/color-convert/index.d.ts'
[21:58:31.090] Adding entry into typings cache: 'color-name' => '/home/tony/.cache/typescript/4.2/node_modules/@types/color-name/index.d.ts'
[21:58:31.103] Adding entry into typings cache: 'color-string' => '/home/tony/.cache/typescript/4.2/node_modules/@types/color-string/index.d.ts'
[21:58:31.107] Adding entry into typings cache: 'combined-stream' => '/home/tony/.cache/typescript/4.2/node_modules/@types/combined-stream/index.d.ts'
[21:58:31.110] Adding entry into typings cache: 'common-tags' => '/home/tony/.cache/typescript/4.2/node_modules/@types/common-tags/index.d.ts'
[21:58:31.111] Adding entry into typings cache: 'commondir' => '/home/tony/.cache/typescript/4.2/node_modules/@types/commondir/index.d.ts'
[21:58:31.116] Adding entry into typings cache: 'component-emitter' => '/home/tony/.cache/typescript/4.2/node_modules/@types/component-emitter/index.d.ts'
[21:58:31.118] Adding entry into typings cache: 'compose-function' => '/home/tony/.cache/typescript/4.2/node_modules/@types/compose-function/index.d.ts'
[21:58:31.120] Adding entry into typings cache: 'compressible' => '/home/tony/.cache/typescript/4.2/node_modules/@types/compressible/index.d.ts'
[21:58:31.126] Adding entry into typings cache: 'compression' => '/home/tony/.cache/typescript/4.2/node_modules/@types/compression/index.d.ts'
[21:58:31.128] Adding entry into typings cache: 'concat-map' => '/home/tony/.cache/typescript/4.2/node_modules/@types/concat-map/index.d.ts'
[21:58:31.133] Adding entry into typings cache: 'concat-stream' => '/home/tony/.cache/typescript/4.2/node_modules/@types/concat-stream/index.d.ts'
[21:58:31.137] Adding entry into typings cache: 'config' => '/home/tony/.cache/typescript/4.2/node_modules/@types/config/index.d.ts'
[21:58:31.139] Adding entry into typings cache: 'confusing-browser-globals' => '/home/tony/.cache/typescript/4.2/node_modules/@types/confusing-browser-globals/index.d.ts'
[21:58:31.141] Adding entry into typings cache: 'connect-history-api-fallback' => '/home/tony/.cache/typescript/4.2/node_modules/@types/connect-history-api-fallback/index.d.ts'
[21:58:31.143] Adding entry into typings cache: 'contains-path' => '/home/tony/.cache/typescript/4.2/node_modules/@types/contains-path/index.d.ts'
[21:58:31.151] Adding entry into typings cache: 'content-disposition' => '/home/tony/.cache/typescript/4.2/node_modules/@types/content-disposition/index.d.ts'
[21:58:31.153] Adding entry into typings cache: 'content-type' => '/home/tony/.cache/typescript/4.2/node_modules/@types/content-type/index.d.ts'
[21:58:31.155] Adding entry into typings cache: 'convert-source-map' => '/home/tony/.cache/typescript/4.2/node_modules/@types/convert-source-map/index.d.ts'
[21:58:31.157] Adding entry into typings cache: 'cookie' => '/home/tony/.cache/typescript/4.2/node_modules/@types/cookie/index.d.ts'
[21:58:31.159] Adding entry into typings cache: 'cookie-signature' => '/home/tony/.cache/typescript/4.2/node_modules/@types/cookie-signature/index.d.ts'
[21:58:31.161] Adding entry into typings cache: 'cookiejar' => '/home/tony/.cache/typescript/4.2/node_modules/@types/cookiejar/index.d.ts'
[21:58:31.163] Adding entry into typings cache: 'core-js' => '/home/tony/.cache/typescript/4.2/node_modules/@types/core-js/index.d.ts'
[21:58:31.166] Adding entry into typings cache: 'create-hash' => '/home/tony/.cache/typescript/4.2/node_modules/@types/create-hash/index.d.ts'
[21:58:31.168] Adding entry into typings cache: 'create-hmac' => '/home/tony/.cache/typescript/4.2/node_modules/@types/create-hmac/index.d.ts'
[21:58:31.170] Adding entry into typings cache: 'create-react-class' => '/home/tony/.cache/typescript/4.2/node_modules/@types/create-react-class/index.d.ts'
[21:58:31.174] Adding entry into typings cache: 'cross-spawn' => '/home/tony/.cache/typescript/4.2/node_modules/@types/cross-spawn/index.d.ts'
[21:58:31.176] Adding entry into typings cache: 'css' => '/home/tony/.cache/typescript/4.2/node_modules/@types/css/index.d.ts'
[21:58:31.178] Adding entry into typings cache: 'css-declaration-sorter' => '/home/tony/.cache/typescript/4.2/node_modules/@types/css-declaration-sorter/index.d.ts'
[21:58:31.180] Adding entry into typings cache: 'css-selector-tokenizer' => '/home/tony/.cache/typescript/4.2/node_modules/@types/css-selector-tokenizer/index.d.ts'
[21:58:31.181] Adding entry into typings cache: 'css-tree' => '/home/tony/.cache/typescript/4.2/node_modules/@types/css-tree/index.d.ts'
[21:58:31.184] Adding entry into typings cache: 'cssesc' => '/home/tony/.cache/typescript/4.2/node_modules/@types/cssesc/index.d.ts'
[21:58:31.185] Adding entry into typings cache: 'cssnano' => '/home/tony/.cache/typescript/4.2/node_modules/@types/cssnano/index.d.ts'
[21:58:31.187] Adding entry into typings cache: 'csso' => '/home/tony/.cache/typescript/4.2/node_modules/@types/csso/index.d.ts'
[21:58:31.188] Adding entry into typings cache: 'cssom' => '/home/tony/.cache/typescript/4.2/node_modules/@types/cssom/index.d.ts'
[21:58:31.190] Adding entry into typings cache: 'cssstyle' => '/home/tony/.cache/typescript/4.2/node_modules/@types/cssstyle/index.d.ts'
[21:58:31.192] Adding entry into typings cache: 'd' => '/home/tony/.cache/typescript/4.2/node_modules/@types/d/index.d.ts'
[21:58:31.195] Adding entry into typings cache: 'dashdash' => '/home/tony/.cache/typescript/4.2/node_modules/@types/dashdash/index.d.ts'
[21:58:31.197] Adding entry into typings cache: 'data-urls' => '/home/tony/.cache/typescript/4.2/node_modules/@types/data-urls/index.d.ts'
[21:58:31.199] Adding entry into typings cache: 'date-now' => '/home/tony/.cache/typescript/4.2/node_modules/@types/date-now/index.d.ts'
[21:58:31.203] Adding entry into typings cache: 'debug' => '/home/tony/.cache/typescript/4.2/node_modules/@types/debug/index.d.ts'
[21:58:31.205] Adding entry into typings cache: 'decode-uri-component' => '/home/tony/.cache/typescript/4.2/node_modules/@types/decode-uri-component/index.d.ts'
[21:58:31.206] Adding entry into typings cache: 'dedent' => '/home/tony/.cache/typescript/4.2/node_modules/@types/dedent/index.d.ts'
[21:58:31.207] Adding entry into typings cache: 'deep-equal' => '/home/tony/.cache/typescript/4.2/node_modules/@types/deep-equal/index.d.ts'
[21:58:31.208] Adding entry into typings cache: 'deep-extend' => '/home/tony/.cache/typescript/4.2/node_modules/@types/deep-extend/index.d.ts'
[21:58:31.212] Adding entry into typings cache: 'default-gateway' => '/home/tony/.cache/typescript/4.2/node_modules/@types/default-gateway/index.d.ts'
[21:58:31.214] Adding entry into typings cache: 'defaults' => '/home/tony/.cache/typescript/4.2/node_modules/@types/defaults/index.d.ts'
[21:58:31.215] Adding entry into typings cache: 'define-properties' => '/home/tony/.cache/typescript/4.2/node_modules/@types/define-properties/index.d.ts'
[21:58:31.217] Adding entry into typings cache: 'defined' => '/home/tony/.cache/typescript/4.2/node_modules/@types/defined/index.d.ts'
[21:58:31.218] Adding entry into typings cache: 'depd' => '/home/tony/.cache/typescript/4.2/node_modules/@types/depd/index.d.ts'
[21:58:31.220] Adding entry into typings cache: 'destroy' => '/home/tony/.cache/typescript/4.2/node_modules/@types/destroy/index.d.ts'
[21:58:31.222] Adding entry into typings cache: 'detect-node' => '/home/tony/.cache/typescript/4.2/node_modules/@types/detect-node/index.d.ts'
[21:58:31.227] Adding entry into typings cache: 'detective' => '/home/tony/.cache/typescript/4.2/node_modules/@types/detective/index.d.ts'
[21:58:31.229] Adding entry into typings cache: 'didyoumean' => '/home/tony/.cache/typescript/4.2/node_modules/@types/didyoumean/index.d.ts'
[21:58:31.231] Adding entry into typings cache: 'diffie-hellman' => '/home/tony/.cache/typescript/4.2/node_modules/@types/diffie-hellman/index.d.ts'
[21:58:31.232] Adding entry into typings cache: 'dir-glob' => '/home/tony/.cache/typescript/4.2/node_modules/@types/dir-glob/index.d.ts'
[21:58:31.234] Adding entry into typings cache: 'doctrine' => '/home/tony/.cache/typescript/4.2/node_modules/@types/doctrine/index.d.ts'
[21:58:31.235] Adding entry into typings cache: 'dom-matches' => '/home/tony/.cache/typescript/4.2/node_modules/@types/dom-matches/index.d.ts'
[21:58:31.237] Adding entry into typings cache: 'domexception' => '/home/tony/.cache/typescript/4.2/node_modules/@types/domexception/index.d.ts'
[21:58:31.241] Adding entry into typings cache: 'domhandler' => '/home/tony/.cache/typescript/4.2/node_modules/@types/domhandler/index.d.ts'
[21:58:31.243] Adding entry into typings cache: 'domutils' => '/home/tony/.cache/typescript/4.2/node_modules/@types/domutils/index.d.ts'
[21:58:31.255] Adding entry into typings cache: 'draft-js' => '/home/tony/.cache/typescript/4.2/node_modules/@types/draft-js/index.d.ts'
[21:58:31.256] Adding entry into typings cache: 'draftjs-to-html' => '/home/tony/.cache/typescript/4.2/node_modules/@types/draftjs-to-html/index.d.ts'
[21:58:31.258] Adding entry into typings cache: 'duplexify' => '/home/tony/.cache/typescript/4.2/node_modules/@types/duplexify/index.d.ts'
[21:58:31.260] Adding entry into typings cache: 'ee-first' => '/home/tony/.cache/typescript/4.2/node_modules/@types/ee-first/index.d.ts'
[21:58:31.262] Adding entry into typings cache: 'ejs' => '/home/tony/.cache/typescript/4.2/node_modules/@types/ejs/index.d.ts'
[21:58:31.270] Adding entry into typings cache: 'elliptic' => '/home/tony/.cache/typescript/4.2/node_modules/@types/elliptic/index.d.ts'
[21:58:31.271] Adding entry into typings cache: 'encodeurl' => '/home/tony/.cache/typescript/4.2/node_modules/@types/encodeurl/index.d.ts'
[21:58:31.277] Adding entry into typings cache: 'end-of-stream' => '/home/tony/.cache/typescript/4.2/node_modules/@types/end-of-stream/index.d.ts'
[21:58:31.282] Adding entry into typings cache: 'enhanced-resolve' => '/home/tony/.cache/typescript/4.2/node_modules/enhanced-resolve/types.d.ts'
[21:58:31.284] Adding entry into typings cache: 'enquire.js' => '/home/tony/.cache/typescript/4.2/node_modules/@types/enquire.js/index.d.ts'
[21:58:31.285] Adding entry into typings cache: 'entities' => '/home/tony/.cache/typescript/4.2/node_modules/@types/entities/index.d.ts'
[21:58:31.289] Adding entry into typings cache: 'es-abstract' => '/home/tony/.cache/typescript/4.2/node_modules/@types/es-abstract/index.d.ts'
[21:58:31.291] Adding entry into typings cache: 'es-to-primitive' => '/home/tony/.cache/typescript/4.2/node_modules/@types/es-to-primitive/index.d.ts'
[21:58:31.293] Adding entry into typings cache: 'escape-html' => '/home/tony/.cache/typescript/4.2/node_modules/@types/escape-html/index.d.ts'
[21:58:31.294] Adding entry into typings cache: 'escodegen' => '/home/tony/.cache/typescript/4.2/node_modules/@types/escodegen/index.d.ts'
[21:58:31.305] Adding entry into typings cache: 'eslint' => '/home/tony/.cache/typescript/4.2/node_modules/@types/eslint/index.d.ts'
[21:58:31.314] Adding entry into typings cache: 'eslint-scope' => '/home/tony/.cache/typescript/4.2/node_modules/@types/eslint-scope/index.d.ts'
[21:58:31.315] Adding entry into typings cache: 'eslint-visitor-keys' => '/home/tony/.cache/typescript/4.2/node_modules/@types/eslint-visitor-keys/index.d.ts'
[21:58:31.317] Adding entry into typings cache: 'esprima' => '/home/tony/.cache/typescript/4.2/node_modules/@types/esprima/index.d.ts'
[21:58:31.319] Adding entry into typings cache: 'esquery' => '/home/tony/.cache/typescript/4.2/node_modules/@types/esquery/index.d.ts'
[21:58:31.322] Adding entry into typings cache: 'estraverse' => '/home/tony/.cache/typescript/4.2/node_modules/@types/estraverse/index.d.ts'
[21:58:31.324] Adding entry into typings cache: 'etag' => '/home/tony/.cache/typescript/4.2/node_modules/@types/etag/index.d.ts'
[21:58:31.344] Adding entry into typings cache: 'event-emitter' => '/home/tony/.cache/typescript/4.2/node_modules/@types/event-emitter/index.d.ts'
[21:58:31.352] Adding entry into typings cache: 'events' => '/home/tony/.cache/typescript/4.2/node_modules/@types/events/index.d.ts'
[21:58:31.354] Adding entry into typings cache: 'eventsource' => '/home/tony/.cache/typescript/4.2/node_modules/@types/eventsource/index.d.ts'
[21:58:31.355] Adding entry into typings cache: 'exit' => '/home/tony/.cache/typescript/4.2/node_modules/@types/exit/index.d.ts'
[21:58:31.356] Adding entry into typings cache: 'expand-tilde' => '/home/tony/.cache/typescript/4.2/node_modules/@types/expand-tilde/index.d.ts'
[21:58:31.358] Adding entry into typings cache: 'express' => '/home/tony/.cache/typescript/4.2/node_modules/@types/express/index.d.ts'
[21:58:31.359] Adding entry into typings cache: 'extend' => '/home/tony/.cache/typescript/4.2/node_modules/@types/extend/index.d.ts'
[21:58:31.360] Adding entry into typings cache: 'extsprintf' => '/home/tony/.cache/typescript/4.2/node_modules/@types/extsprintf/index.d.ts'
[21:58:31.363] Adding entry into typings cache: 'fabric' => '/home/tony/.cache/typescript/4.2/node_modules/@types/fabric/index.d.ts'
[21:58:31.365] Adding entry into typings cache: 'fast-json-stable-stringify' => '/home/tony/.cache/typescript/4.2/node_modules/fast-json-stable-stringify/index.d.ts'
[21:58:31.366] Adding entry into typings cache: 'fast-levenshtein' => '/home/tony/.cache/typescript/4.2/node_modules/@types/fast-levenshtein/index.d.ts'
[21:58:31.368] Adding entry into typings cache: 'fb-watchman' => '/home/tony/.cache/typescript/4.2/node_modules/@types/fb-watchman/index.d.ts'
[21:58:31.369] Adding entry into typings cache: 'fbjs' => '/home/tony/.cache/typescript/4.2/node_modules/@types/fbjs/index.d.ts'
[21:58:31.370] Adding entry into typings cache: 'file-entry-cache' => '/home/tony/.cache/typescript/4.2/node_modules/@types/file-entry-cache/index.d.ts'
[21:58:31.371] Adding entry into typings cache: 'file-loader' => '/home/tony/.cache/typescript/4.2/node_modules/@types/file-loader/index.d.ts'
[21:58:31.381] Adding entry into typings cache: 'file-saver' => '/home/tony/.cache/typescript/4.2/node_modules/@types/file-saver/index.d.ts'
[21:58:31.383] Adding entry into typings cache: 'finalhandler' => '/home/tony/.cache/typescript/4.2/node_modules/@types/finalhandler/index.d.ts'
[21:58:31.384] Adding entry into typings cache: 'find-cache-dir' => '/home/tony/.cache/typescript/4.2/node_modules/@types/find-cache-dir/index.d.ts'
[21:58:31.390] Adding entry into typings cache: 'find-root' => '/home/tony/.cache/typescript/4.2/node_modules/@types/find-root/index.d.ts'
[21:58:31.393] Adding entry into typings cache: 'flat-cache' => '/home/tony/.cache/typescript/4.2/node_modules/@types/flat-cache/index.d.ts'
[21:58:31.394] Adding entry into typings cache: 'flush-write-stream' => '/home/tony/.cache/typescript/4.2/node_modules/@types/flush-write-stream/index.d.ts'
[21:58:31.399] Adding entry into typings cache: 'follow-redirects' => '/home/tony/.cache/typescript/4.2/node_modules/@types/follow-redirects/index.d.ts'
[21:58:31.406] Adding entry into typings cache: 'forever-agent' => '/home/tony/.cache/typescript/4.2/node_modules/@types/forever-agent/index.d.ts'
[21:58:31.407] Adding entry into typings cache: 'formidable' => '/home/tony/.cache/typescript/4.2/node_modules/@types/formidable/index.d.ts'
[21:58:31.408] Adding entry into typings cache: 'forwarded' => '/home/tony/.cache/typescript/4.2/node_modules/@types/forwarded/index.d.ts'
[21:58:31.409] Adding entry into typings cache: 'fresh' => '/home/tony/.cache/typescript/4.2/node_modules/@types/fresh/index.d.ts'
[21:58:31.410] Adding entry into typings cache: 'from2' => '/home/tony/.cache/typescript/4.2/node_modules/@types/from2/index.d.ts'
[21:58:31.412] Adding entry into typings cache: 'fs-extra' => '/home/tony/.cache/typescript/4.2/node_modules/@types/fs-extra/index.d.ts'
[21:58:31.413] Adding entry into typings cache: 'fscreen' => '/home/tony/.cache/typescript/4.2/node_modules/@types/fscreen/index.d.ts'
[21:58:31.414] Adding entry into typings cache: 'function-bind' => '/home/tony/.cache/typescript/4.2/node_modules/@types/function-bind/index.d.ts'
[21:58:31.416] Adding entry into typings cache: 'get-caller-file' => '/home/tony/.cache/typescript/4.2/node_modules/@types/get-caller-file/index.d.ts'
[21:58:31.422] Adding entry into typings cache: 'get-intrinsic' => '/home/tony/.cache/typescript/4.2/node_modules/@types/get-intrinsic/index.d.ts'
[21:58:31.428] Adding entry into typings cache: 'get-value' => '/home/tony/.cache/typescript/4.2/node_modules/@types/get-value/index.d.ts'
[21:58:31.429] Adding entry into typings cache: 'getpass' => '/home/tony/.cache/typescript/4.2/node_modules/@types/getpass/index.d.ts'
[21:58:31.431] Adding entry into typings cache: 'glob' => '/home/tony/.cache/typescript/4.2/node_modules/@types/glob/index.d.ts'
[21:58:31.436] Adding entry into typings cache: 'glob-parent' => '/home/tony/.cache/typescript/4.2/node_modules/@types/glob-parent/index.d.ts'
[21:58:31.437] Adding entry into typings cache: 'glob-stream' => '/home/tony/.cache/typescript/4.2/node_modules/@types/glob-stream/index.d.ts'
[21:58:31.439] Adding entry into typings cache: 'glob-to-regexp' => '/home/tony/.cache/typescript/4.2/node_modules/@types/glob-to-regexp/index.d.ts'
[21:58:31.440] Adding entry into typings cache: 'global-modules' => '/home/tony/.cache/typescript/4.2/node_modules/@types/global-modules/index.d.ts'
[21:58:31.441] Adding entry into typings cache: 'global-prefix' => '/home/tony/.cache/typescript/4.2/node_modules/@types/global-prefix/index.d.ts'
[21:58:31.445] Adding entry into typings cache: 'graceful-fs' => '/home/tony/.cache/typescript/4.2/node_modules/@types/graceful-fs/index.d.ts'
[21:58:31.446] Adding entry into typings cache: 'hammerjs' => '/home/tony/.cache/typescript/4.2/node_modules/@types/hammerjs/index.d.ts'
[21:58:31.447] Adding entry into typings cache: 'has' => '/home/tony/.cache/typescript/4.2/node_modules/@types/has/index.d.ts'
[21:58:31.450] Adding entry into typings cache: 'has-ansi' => '/home/tony/.cache/typescript/4.2/node_modules/@types/has-ansi/index.d.ts'
[21:58:31.451] Adding entry into typings cache: 'has-symbols' => '/home/tony/.cache/typescript/4.2/node_modules/@types/has-symbols/index.d.ts'
[21:58:31.454] Adding entry into typings cache: 'he' => '/home/tony/.cache/typescript/4.2/node_modules/@types/he/index.d.ts'
[21:58:31.462] Adding entry into typings cache: 'hex-color-regex' => '/home/tony/.cache/typescript/4.2/node_modules/@types/hex-color-regex/index.d.ts'
[21:58:31.463] Adding entry into typings cache: 'history' => '/home/tony/.cache/typescript/4.2/node_modules/@types/history/index.d.ts'
[21:58:31.464] Adding entry into typings cache: 'hoek' => '/home/tony/.cache/typescript/4.2/node_modules/@types/hoek/index.d.ts'
[21:58:31.465] Adding entry into typings cache: 'hosted-git-info' => '/home/tony/.cache/typescript/4.2/node_modules/@types/hosted-git-info/index.d.ts'
[21:58:31.466] Adding entry into typings cache: 'html-encoding-sniffer' => '/home/tony/.cache/typescript/4.2/node_modules/@types/html-encoding-sniffer/index.d.ts'
[21:58:31.467] Adding entry into typings cache: 'html-entities' => '/home/tony/.cache/typescript/4.2/node_modules/@types/html-entities/index.d.ts'
[21:58:31.468] Adding entry into typings cache: 'html-escaper' => '/home/tony/.cache/typescript/4.2/node_modules/@types/html-escaper/index.d.ts'
[21:58:31.470] Adding entry into typings cache: 'html-minifier' => '/home/tony/.cache/typescript/4.2/node_modules/@types/html-minifier/index.d.ts'
[21:58:31.471] Adding entry into typings cache: 'html-minifier-terser' => '/home/tony/.cache/typescript/4.2/node_modules/@types/html-minifier-terser/index.d.ts'
[21:58:31.472] Adding entry into typings cache: 'html-to-draftjs' => '/home/tony/.cache/typescript/4.2/node_modules/@types/html-to-draftjs/index.d.ts'
[21:58:31.473] Adding entry into typings cache: 'html-webpack-plugin' => '/home/tony/.cache/typescript/4.2/node_modules/@types/html-webpack-plugin/index.d.ts'
[21:58:31.475] Adding entry into typings cache: 'htmlparser2' => '/home/tony/.cache/typescript/4.2/node_modules/@types/htmlparser2/index.d.ts'
[21:58:31.476] Adding entry into typings cache: 'http-errors' => '/home/tony/.cache/typescript/4.2/node_modules/@types/http-errors/index.d.ts'
[21:58:31.479] Adding entry into typings cache: 'http-proxy' => '/home/tony/.cache/typescript/4.2/node_modules/@types/http-proxy/index.d.ts'
[21:58:31.481] Adding entry into typings cache: 'http-proxy-middleware' => '/home/tony/.cache/typescript/4.2/node_modules/@types/http-proxy-middleware/index.d.ts'
[21:58:31.482] Adding entry into typings cache: 'icss-utils' => '/home/tony/.cache/typescript/4.2/node_modules/@types/icss-utils/index.d.ts'
[21:58:31.483] Adding entry into typings cache: 'iferr' => '/home/tony/.cache/typescript/4.2/node_modules/@types/iferr/index.d.ts'
[21:58:31.484] Adding entry into typings cache: 'ignore-walk' => '/home/tony/.cache/typescript/4.2/node_modules/@types/ignore-walk/index.d.ts'
[21:58:31.485] Adding entry into typings cache: 'imurmurhash' => '/home/tony/.cache/typescript/4.2/node_modules/@types/imurmurhash/index.d.ts'
[21:58:31.489] Adding entry into typings cache: 'inherits' => '/home/tony/.cache/typescript/4.2/node_modules/@types/inherits/index.d.ts'
[21:58:31.503] Adding entry into typings cache: 'ini' => '/home/tony/.cache/typescript/4.2/node_modules/@types/ini/index.d.ts'
[21:58:31.504] Adding entry into typings cache: 'inquirer' => '/home/tony/.cache/typescript/4.2/node_modules/@types/inquirer/index.d.ts'
[21:58:31.506] Adding entry into typings cache: 'insert-css' => '/home/tony/.cache/typescript/4.2/node_modules/@types/insert-css/index.d.ts'
[21:58:31.507] Adding entry into typings cache: 'internal-slot' => '/home/tony/.cache/typescript/4.2/node_modules/@types/internal-slot/index.d.ts'
[21:58:31.508] Adding entry into typings cache: 'invariant' => '/home/tony/.cache/typescript/4.2/node_modules/@types/invariant/index.d.ts'
[21:58:31.512] Adding entry into typings cache: 'ip' => '/home/tony/.cache/typescript/4.2/node_modules/@types/ip/index.d.ts'
[21:58:31.513] Adding entry into typings cache: 'is-absolute' => '/home/tony/.cache/typescript/4.2/node_modules/@types/is-absolute/index.d.ts'
[21:58:31.514] Adding entry into typings cache: 'is-arguments' => '/home/tony/.cache/typescript/4.2/node_modules/@types/is-arguments/index.d.ts'
[21:58:31.516] Adding entry into typings cache: 'is-buffer' => '/home/tony/.cache/typescript/4.2/node_modules/@types/is-buffer/index.d.ts'
[21:58:31.517] Adding entry into typings cache: 'is-callable' => '/home/tony/.cache/typescript/4.2/node_modules/@types/is-callable/index.d.ts'
[21:58:31.518] Adding entry into typings cache: 'is-ci' => '/home/tony/.cache/typescript/4.2/node_modules/@types/is-ci/index.d.ts'
[21:58:31.519] Adding entry into typings cache: 'is-core-module' => '/home/tony/.cache/typescript/4.2/node_modules/@types/is-core-module/index.d.ts'
[21:58:31.520] Adding entry into typings cache: 'is-date-object' => '/home/tony/.cache/typescript/4.2/node_modules/@types/is-date-object/index.d.ts'
[21:58:31.521] Adding entry into typings cache: 'is-glob' => '/home/tony/.cache/typescript/4.2/node_modules/@types/is-glob/index.d.ts'
[21:58:31.522] Adding entry into typings cache: 'is-negated-glob' => '/home/tony/.cache/typescript/4.2/node_modules/@types/is-negated-glob/index.d.ts'
[21:58:31.523] Adding entry into typings cache: 'is-number' => '/home/tony/.cache/typescript/4.2/node_modules/@types/is-number/index.d.ts'
[21:58:31.524] Adding entry into typings cache: 'is-promise' => '/home/tony/.cache/typescript/4.2/node_modules/@types/is-promise/index.d.ts'
[21:58:31.524] Adding entry into typings cache: 'is-regex' => '/home/tony/.cache/typescript/4.2/node_modules/@types/is-regex/index.d.ts'
[21:58:31.525] Adding entry into typings cache: 'is-relative' => '/home/tony/.cache/typescript/4.2/node_modules/@types/is-relative/index.d.ts'
[21:58:31.526] Adding entry into typings cache: 'is-typedarray' => '/home/tony/.cache/typescript/4.2/node_modules/@types/is-typedarray/index.d.ts'
[21:58:31.526] Adding entry into typings cache: 'is-unc-path' => '/home/tony/.cache/typescript/4.2/node_modules/@types/is-unc-path/index.d.ts'
[21:58:31.528] Adding entry into typings cache: 'is-windows' => '/home/tony/.cache/typescript/4.2/node_modules/@types/is-windows/index.d.ts'
[21:58:31.529] Adding entry into typings cache: 'isarray' => '/home/tony/.cache/typescript/4.2/node_modules/@types/isarray/index.d.ts'
[21:58:31.529] Adding entry into typings cache: 'isexe' => '/home/tony/.cache/typescript/4.2/node_modules/@types/isexe/index.d.ts'
[21:58:31.530] Adding entry into typings cache: 'isomorphic-fetch' => '/home/tony/.cache/typescript/4.2/node_modules/@types/isomorphic-fetch/index.d.ts'
[21:58:31.531] Adding entry into typings cache: 'isstream' => '/home/tony/.cache/typescript/4.2/node_modules/@types/isstream/index.d.ts'
[21:58:31.531] Adding entry into typings cache: 'istanbul-lib-coverage' => '/home/tony/.cache/typescript/4.2/node_modules/@types/istanbul-lib-coverage/index.d.ts'
[21:58:31.532] Adding entry into typings cache: 'istanbul-lib-hook' => '/home/tony/.cache/typescript/4.2/node_modules/@types/istanbul-lib-hook/index.d.ts'
[21:58:31.533] Adding entry into typings cache: 'istanbul-lib-instrument' => '/home/tony/.cache/typescript/4.2/node_modules/@types/istanbul-lib-instrument/index.d.ts'
[21:58:31.533] Adding entry into typings cache: 'istanbul-lib-report' => '/home/tony/.cache/typescript/4.2/node_modules/@types/istanbul-lib-report/index.d.ts'
[21:58:31.534] Adding entry into typings cache: 'istanbul-lib-source-maps' => '/home/tony/.cache/typescript/4.2/node_modules/@types/istanbul-lib-source-maps/index.d.ts'
[21:58:31.535] Adding entry into typings cache: 'istanbul-reports' => '/home/tony/.cache/typescript/4.2/node_modules/@types/istanbul-reports/index.d.ts'
[21:58:31.536] Adding entry into typings cache: 'jest' => '/home/tony/.cache/typescript/4.2/node_modules/@types/jest/index.d.ts'
[21:58:31.537] Adding entry into typings cache: 'js-levenshtein' => '/home/tony/.cache/typescript/4.2/node_modules/@types/js-levenshtein/index.d.ts'
[21:58:31.538] Adding entry into typings cache: 'js-yaml' => '/home/tony/.cache/typescript/4.2/node_modules/@types/js-yaml/index.d.ts'
[21:58:31.538] Adding entry into typings cache: 'jsbn' => '/home/tony/.cache/typescript/4.2/node_modules/@types/jsbn/index.d.ts'
[21:58:31.539] Adding entry into typings cache: 'jsdom' => '/home/tony/.cache/typescript/4.2/node_modules/@types/jsdom/index.d.ts'
[21:58:31.540] Adding entry into typings cache: 'jsesc' => '/home/tony/.cache/typescript/4.2/node_modules/@types/jsesc/index.d.ts'
[21:58:31.541] Adding entry into typings cache: 'json-parse-better-errors' => '/home/tony/.cache/typescript/4.2/node_modules/@types/json-parse-better-errors/index.d.ts'
[21:58:31.544] Adding entry into typings cache: 'json-schema' => '/home/tony/.cache/typescript/4.2/node_modules/@types/json-schema/index.d.ts'
[21:58:31.545] Adding entry into typings cache: 'json-stable-stringify' => '/home/tony/.cache/typescript/4.2/node_modules/@types/json-stable-stringify/index.d.ts'
[21:58:31.546] Adding entry into typings cache: 'json-stringify-safe' => '/home/tony/.cache/typescript/4.2/node_modules/@types/json-stringify-safe/index.d.ts'
[21:58:31.547] Adding entry into typings cache: 'json2mq' => '/home/tony/.cache/typescript/4.2/node_modules/@types/json2mq/index.d.ts'
[21:58:31.548] Adding entry into typings cache: 'json3' => '/home/tony/.cache/typescript/4.2/node_modules/@types/json3/index.d.ts'
[21:58:31.549] Adding entry into typings cache: 'jsonfile' => '/home/tony/.cache/typescript/4.2/node_modules/@types/jsonfile/index.d.ts'
[21:58:31.550] Adding entry into typings cache: 'jspdf' => '/home/tony/.cache/typescript/4.2/node_modules/@types/jspdf/index.d.ts'
[21:58:31.552] Adding entry into typings cache: 'kind-of' => '/home/tony/.cache/typescript/4.2/node_modules/@types/kind-of/index.d.ts'
[21:58:31.553] Adding entry into typings cache: 'language-tags' => '/home/tony/.cache/typescript/4.2/node_modules/@types/language-tags/index.d.ts'
[21:58:31.554] Adding entry into typings cache: 'leaflet' => '/home/tony/.cache/typescript/4.2/node_modules/@types/leaflet/index.d.ts'
[21:58:31.555] Adding entry into typings cache: 'less' => '/home/tony/.cache/typescript/4.2/node_modules/@types/less/index.d.ts'
[21:58:31.556] Adding entry into typings cache: 'linkify-it' => '/home/tony/.cache/typescript/4.2/node_modules/@types/linkify-it/index.d.ts'
[21:58:31.557] Adding entry into typings cache: 'loader-runner' => '/home/tony/.cache/typescript/4.2/node_modules/@types/loader-runner/index.d.ts'
[21:58:31.558] Adding entry into typings cache: 'loader-utils' => '/home/tony/.cache/typescript/4.2/node_modules/@types/loader-utils/index.d.ts'
[21:58:31.558] Adding entry into typings cache: 'loadjs' => '/home/tony/.cache/typescript/4.2/node_modules/@types/loadjs/index.d.ts'
[21:58:31.559] Adding entry into typings cache: 'locale' => '/home/tony/.cache/typescript/4.2/node_modules/@types/locale/index.d.ts'
[21:58:31.560] Adding entry into typings cache: 'lodash' => '/home/tony/.cache/typescript/4.2/node_modules/@types/lodash/index.d.ts'
[21:58:31.561] Adding entry into typings cache: 'lodash.camelcase' => '/home/tony/.cache/typescript/4.2/node_modules/@types/lodash.camelcase/index.d.ts'
[21:58:31.561] Adding entry into typings cache: 'lodash.debounce' => '/home/tony/.cache/typescript/4.2/node_modules/@types/lodash.debounce/index.d.ts'
[21:58:31.562] Adding entry into typings cache: 'lodash.isarguments' => '/home/tony/.cache/typescript/4.2/node_modules/@types/lodash.isarguments/index.d.ts'
[21:58:31.563] Adding entry into typings cache: 'lodash.isarray' => '/home/tony/.cache/typescript/4.2/node_modules/@types/lodash.isarray/index.d.ts'
[21:58:31.563] Adding entry into typings cache: 'lodash.keys' => '/home/tony/.cache/typescript/4.2/node_modules/@types/lodash.keys/index.d.ts'
[21:58:31.564] Adding entry into typings cache: 'lodash.memoize' => '/home/tony/.cache/typescript/4.2/node_modules/@types/lodash.memoize/index.d.ts'
[21:58:31.565] Adding entry into typings cache: 'lodash.sortby' => '/home/tony/.cache/typescript/4.2/node_modules/@types/lodash.sortby/index.d.ts'
[21:58:31.565] Adding entry into typings cache: 'lodash.tail' => '/home/tony/.cache/typescript/4.2/node_modules/@types/lodash.tail/index.d.ts'
[21:58:31.566] Adding entry into typings cache: 'lodash.template' => '/home/tony/.cache/typescript/4.2/node_modules/@types/lodash.template/index.d.ts'
[21:58:31.567] Adding entry into typings cache: 'lodash.throttle' => '/home/tony/.cache/typescript/4.2/node_modules/@types/lodash.throttle/index.d.ts'
[21:58:31.567] Adding entry into typings cache: 'lodash.toarray' => '/home/tony/.cache/typescript/4.2/node_modules/@types/lodash.toarray/index.d.ts'
[21:58:31.570] Adding entry into typings cache: 'lodash.uniq' => '/home/tony/.cache/typescript/4.2/node_modules/@types/lodash.uniq/index.d.ts'
[21:58:31.571] Adding entry into typings cache: 'lru-cache' => '/home/tony/.cache/typescript/4.2/node_modules/@types/lru-cache/index.d.ts'
[21:58:31.572] Adding entry into typings cache: 'luxon' => '/home/tony/.cache/typescript/4.2/node_modules/@types/luxon/index.d.ts'
[21:58:31.573] Adding entry into typings cache: 'lz-string' => '/home/tony/.cache/typescript/4.2/node_modules/@types/lz-string/index.d.ts'
[21:58:31.574] Adding entry into typings cache: 'media-typer' => '/home/tony/.cache/typescript/4.2/node_modules/@types/media-typer/index.d.ts'
[21:58:31.575] Adding entry into typings cache: 'memory-fs' => '/home/tony/.cache/typescript/4.2/node_modules/@types/memory-fs/index.d.ts'
[21:58:31.575] Adding entry into typings cache: 'merge-deep' => '/home/tony/.cache/typescript/4.2/node_modules/@types/merge-deep/index.d.ts'
[21:58:31.576] Adding entry into typings cache: 'merge-descriptors' => '/home/tony/.cache/typescript/4.2/node_modules/@types/merge-descriptors/index.d.ts'
[21:58:31.578] Adding entry into typings cache: 'merge-stream' => '/home/tony/.cache/typescript/4.2/node_modules/@types/merge-stream/index.d.ts'
[21:58:31.578] Adding entry into typings cache: 'merge2' => '/home/tony/.cache/typescript/4.2/node_modules/@types/merge2/index.d.ts'
[21:58:31.579] Adding entry into typings cache: 'methods' => '/home/tony/.cache/typescript/4.2/node_modules/@types/methods/index.d.ts'
[21:58:31.581] Adding entry into typings cache: 'micromatch' => '/home/tony/.cache/typescript/4.2/node_modules/@types/micromatch/index.d.ts'
[21:58:31.581] Adding entry into typings cache: 'mime' => '/home/tony/.cache/typescript/4.2/node_modules/@types/mime/index.d.ts'
[21:58:31.582] Adding entry into typings cache: 'mime-db' => '/home/tony/.cache/typescript/4.2/node_modules/@types/mime-db/index.d.ts'
[21:58:31.583] Adding entry into typings cache: 'mime-types' => '/home/tony/.cache/typescript/4.2/node_modules/@types/mime-types/index.d.ts'
[21:58:31.584] Adding entry into typings cache: 'min-indent' => '/home/tony/.cache/typescript/4.2/node_modules/@types/min-indent/index.d.ts'
[21:58:31.584] Adding entry into typings cache: 'mini-css-extract-plugin' => '/home/tony/.cache/typescript/4.2/node_modules/@types/mini-css-extract-plugin/index.d.ts'
[21:58:31.585] Adding entry into typings cache: 'minimalistic-assert' => '/home/tony/.cache/typescript/4.2/node_modules/@types/minimalistic-assert/index.d.ts'
[21:58:31.586] Adding entry into typings cache: 'minimatch' => '/home/tony/.cache/typescript/4.2/node_modules/@types/minimatch/index.d.ts'
[21:58:31.587] Adding entry into typings cache: 'minimist' => '/home/tony/.cache/typescript/4.2/node_modules/@types/minimist/index.d.ts'
[21:58:31.587] Adding entry into typings cache: 'minipass' => '/home/tony/.cache/typescript/4.2/node_modules/@types/minipass/index.d.ts'
[21:58:31.588] Adding entry into typings cache: 'minizlib' => '/home/tony/.cache/typescript/4.2/node_modules/@types/minizlib/index.d.ts'
[21:58:31.589] Adding entry into typings cache: 'mkdirp' => '/home/tony/.cache/typescript/4.2/node_modules/@types/mkdirp/index.d.ts'
[21:58:31.590] Adding entry into typings cache: 'move-concurrently' => '/home/tony/.cache/typescript/4.2/node_modules/@types/move-concurrently/index.d.ts'
[21:58:31.591] Adding entry into typings cache: 'ms' => '/home/tony/.cache/typescript/4.2/node_modules/@types/ms/index.d.ts'
[21:58:31.591] Adding entry into typings cache: 'mute-stream' => '/home/tony/.cache/typescript/4.2/node_modules/@types/mute-stream/index.d.ts'
[21:58:31.592] Adding entry into typings cache: 'natural-compare' => '/home/tony/.cache/typescript/4.2/node_modules/@types/natural-compare/index.d.ts'
[21:58:31.592] Adding entry into typings cache: 'needle' => '/home/tony/.cache/typescript/4.2/node_modules/@types/needle/index.d.ts'
[21:58:31.593] Adding entry into typings cache: 'negotiator' => '/home/tony/.cache/typescript/4.2/node_modules/@types/negotiator/index.d.ts'
[21:58:31.593] Adding entry into typings cache: 'next-tick' => '/home/tony/.cache/typescript/4.2/node_modules/@types/next-tick/index.d.ts'
[21:58:31.594] Adding entry into typings cache: 'nice-try' => '/home/tony/.cache/typescript/4.2/node_modules/@types/nice-try/index.d.ts'
[21:58:31.595] Adding entry into typings cache: 'node' => '/home/tony/.cache/typescript/4.2/node_modules/@types/node/index.d.ts'
[21:58:31.596] Adding entry into typings cache: 'node-emoji' => '/home/tony/.cache/typescript/4.2/node_modules/@types/node-emoji/index.d.ts'
[21:58:31.597] Adding entry into typings cache: 'node-fetch' => '/home/tony/.cache/typescript/4.2/node_modules/@types/node-fetch/index.d.ts'
[21:58:31.599] Adding entry into typings cache: 'node-forge' => '/home/tony/.cache/typescript/4.2/node_modules/@types/node-forge/index.d.ts'
[21:58:31.600] Adding entry into typings cache: 'node-int64' => '/home/tony/.cache/typescript/4.2/node_modules/@types/node-int64/index.d.ts'
[21:58:31.601] Adding entry into typings cache: 'node-notifier' => '/home/tony/.cache/typescript/4.2/node_modules/@types/node-notifier/index.d.ts'
[21:58:31.602] Adding entry into typings cache: 'nopt' => '/home/tony/.cache/typescript/4.2/node_modules/@types/nopt/index.d.ts'
[21:58:31.602] Adding entry into typings cache: 'normalize-package-data' => '/home/tony/.cache/typescript/4.2/node_modules/@types/normalize-package-data/index.d.ts'
[21:58:31.604] Adding entry into typings cache: 'normalize-path' => '/home/tony/.cache/typescript/4.2/node_modules/@types/normalize-path/index.d.ts'
[21:58:31.605] Adding entry into typings cache: 'npm-packlist' => '/home/tony/.cache/typescript/4.2/node_modules/@types/npm-packlist/index.d.ts'
[21:58:31.606] Adding entry into typings cache: 'npmlog' => '/home/tony/.cache/typescript/4.2/node_modules/@types/npmlog/index.d.ts'
[21:58:31.606] Adding entry into typings cache: 'num2fraction' => '/home/tony/.cache/typescript/4.2/node_modules/@types/num2fraction/index.d.ts'
[21:58:31.607] Adding entry into typings cache: 'number-is-nan' => '/home/tony/.cache/typescript/4.2/node_modules/@types/number-is-nan/index.d.ts'
[21:58:31.608] Adding entry into typings cache: 'nwmatcher' => '/home/tony/.cache/typescript/4.2/node_modules/@types/nwmatcher/index.d.ts'
[21:58:31.608] Adding entry into typings cache: 'object-assign' => '/home/tony/.cache/typescript/4.2/node_modules/@types/object-assign/index.d.ts'
[21:58:31.609] Adding entry into typings cache: 'object-hash' => '/home/tony/.cache/typescript/4.2/node_modules/@types/object-hash/index.d.ts'
[21:58:31.610] Adding entry into typings cache: 'object-inspect' => '/home/tony/.cache/typescript/4.2/node_modules/@types/object-inspect/index.d.ts'
[21:58:31.611] Adding entry into typings cache: 'object-keys' => '/home/tony/.cache/typescript/4.2/node_modules/@types/object-keys/index.d.ts'
[21:58:31.612] Adding entry into typings cache: 'object.fromentries' => '/home/tony/.cache/typescript/4.2/node_modules/@types/object.fromentries/index.d.ts'
[21:58:31.613] Adding entry into typings cache: 'object.getownpropertydescriptors' => '/home/tony/.cache/typescript/4.2/node_modules/@types/object.getownpropertydescriptors/index.d.ts'
[21:58:31.615] Adding entry into typings cache: 'object.pick' => '/home/tony/.cache/typescript/4.2/node_modules/@types/object.pick/index.d.ts'
[21:58:31.615] Adding entry into typings cache: 'omggif' => '/home/tony/.cache/typescript/4.2/node_modules/@types/omggif/index.d.ts'
[21:58:31.616] Adding entry into typings cache: 'on-finished' => '/home/tony/.cache/typescript/4.2/node_modules/@types/on-finished/index.d.ts'
[21:58:31.617] Adding entry into typings cache: 'on-headers' => '/home/tony/.cache/typescript/4.2/node_modules/@types/on-headers/index.d.ts'
[21:58:31.618] Adding entry into typings cache: 'once' => '/home/tony/.cache/typescript/4.2/node_modules/@types/once/index.d.ts'
[21:58:31.619] Adding entry into typings cache: 'optimist' => '/home/tony/.cache/typescript/4.2/node_modules/@types/optimist/index.d.ts'
[21:58:31.620] Adding entry into typings cache: 'optimize-css-assets-webpack-plugin' => '/home/tony/.cache/typescript/4.2/node_modules/@types/optimize-css-assets-webpack-plugin/index.d.ts'
[21:58:31.621] Adding entry into typings cache: 'original' => '/home/tony/.cache/typescript/4.2/node_modules/@types/original/index.d.ts'
[21:58:31.622] Adding entry into typings cache: 'os-homedir' => '/home/tony/.cache/typescript/4.2/node_modules/@types/os-homedir/index.d.ts'
[21:58:31.623] Adding entry into typings cache: 'os-tmpdir' => '/home/tony/.cache/typescript/4.2/node_modules/@types/os-tmpdir/index.d.ts'
[21:58:31.624] Adding entry into typings cache: 'osenv' => '/home/tony/.cache/typescript/4.2/node_modules/@types/osenv/index.d.ts'
[21:58:31.625] Adding entry into typings cache: 'pako' => '/home/tony/.cache/typescript/4.2/node_modules/@types/pako/index.d.ts'
[21:58:31.625] Adding entry into typings cache: 'parallel-transform' => '/home/tony/.cache/typescript/4.2/node_modules/@types/parallel-transform/index.d.ts'
[21:58:31.627] Adding entry into typings cache: 'parse-json' => '/home/tony/.cache/typescript/4.2/node_modules/@types/parse-json/index.d.ts'
[21:58:31.628] Adding entry into typings cache: 'parse-passwd' => '/home/tony/.cache/typescript/4.2/node_modules/@types/parse-passwd/index.d.ts'
[21:58:31.629] Adding entry into typings cache: 'parse5' => '/home/tony/.cache/typescript/4.2/node_modules/@types/parse5/index.d.ts'
[21:58:31.630] Adding entry into typings cache: 'parseurl' => '/home/tony/.cache/typescript/4.2/node_modules/@types/parseurl/index.d.ts'
[21:58:31.631] Adding entry into typings cache: 'pascalcase' => '/home/tony/.cache/typescript/4.2/node_modules/@types/pascalcase/index.d.ts'
[21:58:31.633] Adding entry into typings cache: 'path-is-absolute' => '/home/tony/.cache/typescript/4.2/node_modules/@types/path-is-absolute/index.d.ts'
[21:58:31.634] Adding entry into typings cache: 'path-is-inside' => '/home/tony/.cache/typescript/4.2/node_modules/@types/path-is-inside/index.d.ts'
[21:58:31.635] Adding entry into typings cache: 'path-parse' => '/home/tony/.cache/typescript/4.2/node_modules/@types/path-parse/index.d.ts'
[21:58:31.636] Adding entry into typings cache: 'pbkdf2' => '/home/tony/.cache/typescript/4.2/node_modules/@types/pbkdf2/index.d.ts'
[21:58:31.637] Adding entry into typings cache: 'pdf-viewer-reactjs' => '/home/tony/.cache/typescript/4.2/node_modules/@types/pdf-viewer-reactjs/index.d.ts'
[21:58:31.638] Adding entry into typings cache: 'pdfjs-dist' => '/home/tony/.cache/typescript/4.2/node_modules/@types/pdfjs-dist/index.d.ts'
[21:58:31.639] Adding entry into typings cache: 'picomatch' => '/home/tony/.cache/typescript/4.2/node_modules/@types/picomatch/index.d.ts'
[21:58:31.640] Adding entry into typings cache: 'pify' => '/home/tony/.cache/typescript/4.2/node_modules/@types/pify/index.d.ts'
[21:58:31.640] Adding entry into typings cache: 'pikaday' => '/home/tony/.cache/typescript/4.2/node_modules/@types/pikaday/index.d.ts'
[21:58:31.641] Adding entry into typings cache: 'postcss-calc' => '/home/tony/.cache/typescript/4.2/node_modules/@types/postcss-calc/index.d.ts'
[21:58:31.641] Adding entry into typings cache: 'postcss-custom-properties' => '/home/tony/.cache/typescript/4.2/node_modules/@types/postcss-custom-properties/index.d.ts'
[21:58:31.642] Adding entry into typings cache: 'postcss-flexbugs-fixes' => '/home/tony/.cache/typescript/4.2/node_modules/@types/postcss-flexbugs-fixes/index.d.ts'
[21:58:31.643] Adding entry into typings cache: 'postcss-focus-within' => '/home/tony/.cache/typescript/4.2/node_modules/@types/postcss-focus-within/index.d.ts'
[21:58:31.643] Adding entry into typings cache: 'postcss-gap-properties' => '/home/tony/.cache/typescript/4.2/node_modules/@types/postcss-gap-properties/index.d.ts'
[21:58:31.644] Adding entry into typings cache: 'postcss-load-config' => '/home/tony/.cache/typescript/4.2/node_modules/@types/postcss-load-config/index.d.ts'
[21:58:31.644] Adding entry into typings cache: 'postcss-modules-extract-imports' => '/home/tony/.cache/typescript/4.2/node_modules/@types/postcss-modules-extract-imports/index.d.ts'
[21:58:31.645] Adding entry into typings cache: 'postcss-modules-local-by-default' => '/home/tony/.cache/typescript/4.2/node_modules/@types/postcss-modules-local-by-default/index.d.ts'
[21:58:31.645] Adding entry into typings cache: 'postcss-modules-scope' => '/home/tony/.cache/typescript/4.2/node_modules/@types/postcss-modules-scope/index.d.ts'
[21:58:31.646] Adding entry into typings cache: 'postcss-modules-values' => '/home/tony/.cache/typescript/4.2/node_modules/@types/postcss-modules-values/index.d.ts'
[21:58:31.647] Adding entry into typings cache: 'postcss-normalize' => '/home/tony/.cache/typescript/4.2/node_modules/@types/postcss-normalize/index.d.ts'
[21:58:31.647] Adding entry into typings cache: 'postcss-preset-env' => '/home/tony/.cache/typescript/4.2/node_modules/@types/postcss-preset-env/index.d.ts'
[21:58:31.648] Adding entry into typings cache: 'postcss-safe-parser' => '/home/tony/.cache/typescript/4.2/node_modules/@types/postcss-safe-parser/index.d.ts'
[21:58:31.648] Adding entry into typings cache: 'prelude-ls' => '/home/tony/.cache/typescript/4.2/node_modules/@types/prelude-ls/index.d.ts'
[21:58:31.649] Adding entry into typings cache: 'prettier' => '/home/tony/.cache/typescript/4.2/node_modules/@types/prettier/index.d.ts'
[21:58:31.649] Adding entry into typings cache: 'pretty-hrtime' => '/home/tony/.cache/typescript/4.2/node_modules/@types/pretty-hrtime/index.d.ts'
[21:58:31.651] Adding entry into typings cache: 'progress' => '/home/tony/.cache/typescript/4.2/node_modules/@types/progress/index.d.ts'
[21:58:31.651] Adding entry into typings cache: 'promise-inflight' => '/home/tony/.cache/typescript/4.2/node_modules/@types/promise-inflight/index.d.ts'
[21:58:31.652] Adding entry into typings cache: 'promise-polyfill' => '/home/tony/.cache/typescript/4.2/node_modules/@types/promise-polyfill/index.d.ts'
[21:58:31.653] Adding entry into typings cache: 'prompts' => '/home/tony/.cache/typescript/4.2/node_modules/@types/prompts/index.d.ts'
[21:58:31.655] Adding entry into typings cache: 'prop-types' => '/home/tony/.cache/typescript/4.2/node_modules/@types/prop-types/index.d.ts'
[21:58:31.655] Adding entry into typings cache: 'proxy-addr' => '/home/tony/.cache/typescript/4.2/node_modules/@types/proxy-addr/index.d.ts'
[21:58:31.656] Adding entry into typings cache: 'psl' => '/home/tony/.cache/typescript/4.2/node_modules/@types/psl/index.d.ts'
[21:58:31.657] Adding entry into typings cache: 'pump' => '/home/tony/.cache/typescript/4.2/node_modules/@types/pump/index.d.ts'
[21:58:31.657] Adding entry into typings cache: 'pumpify' => '/home/tony/.cache/typescript/4.2/node_modules/@types/pumpify/index.d.ts'
[21:58:31.659] Adding entry into typings cache: 'punycode' => '/home/tony/.cache/typescript/4.2/node_modules/@types/punycode/index.d.ts'
[21:58:31.660] Adding entry into typings cache: 'q' => '/home/tony/.cache/typescript/4.2/node_modules/@types/q/index.d.ts'
[21:58:31.663] Adding entry into typings cache: 'qs' => '/home/tony/.cache/typescript/4.2/node_modules/@types/qs/index.d.ts'
[21:58:31.664] Adding entry into typings cache: 'querystringify' => '/home/tony/.cache/typescript/4.2/node_modules/@types/querystringify/index.d.ts'
[21:58:31.665] Adding entry into typings cache: 'raf' => '/home/tony/.cache/typescript/4.2/node_modules/@types/raf/index.d.ts'
[21:58:31.666] Adding entry into typings cache: 'raf-schd' => '/home/tony/.cache/typescript/4.2/node_modules/@types/raf-schd/index.d.ts'
[21:58:31.668] Adding entry into typings cache: 'randombytes' => '/home/tony/.cache/typescript/4.2/node_modules/@types/randombytes/index.d.ts'
[21:58:31.668] Adding entry into typings cache: 'range-parser' => '/home/tony/.cache/typescript/4.2/node_modules/@types/range-parser/index.d.ts'
[21:58:31.670] Adding entry into typings cache: 'rc' => '/home/tony/.cache/typescript/4.2/node_modules/@types/rc/index.d.ts'
[21:58:31.670] Adding entry into typings cache: 'rc-select' => '/home/tony/.cache/typescript/4.2/node_modules/@types/rc-select/index.d.ts'
[21:58:31.671] Adding entry into typings cache: 'rc-slider' => '/home/tony/.cache/typescript/4.2/node_modules/@types/rc-slider/index.d.ts'
[21:58:31.672] Adding entry into typings cache: 'rc-steps' => '/home/tony/.cache/typescript/4.2/node_modules/@types/rc-steps/index.d.ts'
[21:58:31.673] Adding entry into typings cache: 'rc-switch' => '/home/tony/.cache/typescript/4.2/node_modules/@types/rc-switch/index.d.ts'
[21:58:31.673] Adding entry into typings cache: 'rc-time-picker' => '/home/tony/.cache/typescript/4.2/node_modules/@types/rc-time-picker/index.d.ts'
[21:58:31.674] Adding entry into typings cache: 'rc-tooltip' => '/home/tony/.cache/typescript/4.2/node_modules/@types/rc-tooltip/index.d.ts'
[21:58:31.674] Adding entry into typings cache: 'rc-tree' => '/home/tony/.cache/typescript/4.2/node_modules/@types/rc-tree/index.d.ts'
[21:58:31.675] Adding entry into typings cache: 'react' => '/home/tony/.cache/typescript/4.2/node_modules/@types/react/index.d.ts'
[21:58:31.676] Adding entry into typings cache: 'react-async-script' => '/home/tony/.cache/typescript/4.2/node_modules/@types/react-async-script/index.d.ts'
[21:58:31.677] Adding entry into typings cache: 'react-beautiful-dnd' => '/home/tony/.cache/typescript/4.2/node_modules/@types/react-beautiful-dnd/index.d.ts'
[21:58:31.677] Adding entry into typings cache: 'react-big-scheduler' => '/home/tony/.cache/typescript/4.2/node_modules/@types/react-big-scheduler/index.d.ts'
[21:58:31.678] Adding entry into typings cache: 'react-countup' => '/home/tony/.cache/typescript/4.2/node_modules/@types/react-countup/index.d.ts'
[21:58:31.678] Adding entry into typings cache: 'react-css-modules' => '/home/tony/.cache/typescript/4.2/node_modules/@types/react-css-modules/index.d.ts'
[21:58:31.679] Adding entry into typings cache: 'react-dev-utils' => '/home/tony/.cache/typescript/4.2/node_modules/@types/react-dev-utils/index.d.ts'
[21:58:31.679] Adding entry into typings cache: 'react-dom' => '/home/tony/.cache/typescript/4.2/node_modules/@types/react-dom/index.d.ts'
[21:58:31.680] Adding entry into typings cache: 'react-draft-wysiwyg' => '/home/tony/.cache/typescript/4.2/node_modules/@types/react-draft-wysiwyg/index.d.ts'
[21:58:31.681] Adding entry into typings cache: 'react-google-recaptcha' => '/home/tony/.cache/typescript/4.2/node_modules/@types/react-google-recaptcha/index.d.ts'
[21:58:31.681] Adding entry into typings cache: 'react-helmet' => '/home/tony/.cache/typescript/4.2/node_modules/@types/react-helmet/index.d.ts'
[21:58:31.682] Adding entry into typings cache: 'react-infinite-scroller' => '/home/tony/.cache/typescript/4.2/node_modules/@types/react-infinite-scroller/index.d.ts'
[21:58:31.683] Adding entry into typings cache: 'react-input-autosize' => '/home/tony/.cache/typescript/4.2/node_modules/@types/react-input-autosize/index.d.ts'
[21:58:31.684] Adding entry into typings cache: 'react-is' => '/home/tony/.cache/typescript/4.2/node_modules/@types/react-is/index.d.ts'
[21:58:31.684] Adding entry into typings cache: 'react-leaflet' => '/home/tony/.cache/typescript/4.2/node_modules/@types/react-leaflet/index.d.ts'
[21:58:31.685] Adding entry into typings cache: 'react-lifecycles-compat' => '/home/tony/.cache/typescript/4.2/node_modules/@types/react-lifecycles-compat/index.d.ts'
[21:58:31.685] Adding entry into typings cache: 'react-loadable' => '/home/tony/.cache/typescript/4.2/node_modules/@types/react-loadable/index.d.ts'
[21:58:31.686] Adding entry into typings cache: 'react-redux' => '/home/tony/.cache/typescript/4.2/node_modules/@types/react-redux/index.d.ts'
[21:58:31.689] Adding entry into typings cache: 'react-router' => '/home/tony/.cache/typescript/4.2/node_modules/@types/react-router/index.d.ts'
[21:58:31.690] Adding entry into typings cache: 'react-router-dom' => '/home/tony/.cache/typescript/4.2/node_modules/@types/react-router-dom/index.d.ts'
[21:58:31.691] Adding entry into typings cache: 'react-select' => '/home/tony/.cache/typescript/4.2/node_modules/@types/react-select/index.d.ts'
[21:58:31.692] Adding entry into typings cache: 'react-side-effect' => '/home/tony/.cache/typescript/4.2/node_modules/@types/react-side-effect/index.d.ts'
[21:58:31.693] Adding entry into typings cache: 'react-slick' => '/home/tony/.cache/typescript/4.2/node_modules/@types/react-slick/index.d.ts'
[21:58:31.694] Adding entry into typings cache: 'react-transition-group' => '/home/tony/.cache/typescript/4.2/node_modules/@types/react-transition-group/index.d.ts'
[21:58:31.697] Adding entry into typings cache: 'readable-stream' => '/home/tony/.cache/typescript/4.2/node_modules/@types/readable-stream/index.d.ts'
[21:58:31.697] Adding entry into typings cache: 'recursive-readdir' => '/home/tony/.cache/typescript/4.2/node_modules/@types/recursive-readdir/index.d.ts'
[21:58:31.698] Adding entry into typings cache: 'regenerator-runtime' => '/home/tony/.cache/typescript/4.2/node_modules/@types/regenerator-runtime/index.d.ts'
[21:58:31.699] Adding entry into typings cache: 'relateurl' => '/home/tony/.cache/typescript/4.2/node_modules/@types/relateurl/index.d.ts'
[21:58:31.700] Adding entry into typings cache: 'repeat-element' => '/home/tony/.cache/typescript/4.2/node_modules/@types/repeat-element/index.d.ts'
[21:58:31.702] Adding entry into typings cache: 'repeat-string' => '/home/tony/.cache/typescript/4.2/node_modules/@types/repeat-string/index.d.ts'
[21:58:31.703] Adding entry into typings cache: 'request' => '/home/tony/.cache/typescript/4.2/node_modules/@types/request/index.d.ts'
[21:58:31.703] Adding entry into typings cache: 'request-promise-native' => '/home/tony/.cache/typescript/4.2/node_modules/@types/request-promise-native/index.d.ts'
[21:58:31.704] Adding entry into typings cache: 'require-directory' => '/home/tony/.cache/typescript/4.2/node_modules/@types/require-directory/index.d.ts'
[21:58:31.705] Adding entry into typings cache: 'require-from-string' => '/home/tony/.cache/typescript/4.2/node_modules/@types/require-from-string/index.d.ts'
[21:58:31.705] Adding entry into typings cache: 'requires-port' => '/home/tony/.cache/typescript/4.2/node_modules/@types/requires-port/index.d.ts'
[21:58:31.706] Adding entry into typings cache: 'resolve' => '/home/tony/.cache/typescript/4.2/node_modules/@types/resolve/index.d.ts'
[21:58:31.706] Adding entry into typings cache: 'retry' => '/home/tony/.cache/typescript/4.2/node_modules/@types/retry/index.d.ts'
[21:58:31.707] Adding entry into typings cache: 'rimraf' => '/home/tony/.cache/typescript/4.2/node_modules/@types/rimraf/index.d.ts'
[21:58:31.707] Adding entry into typings cache: 'ripemd160' => '/home/tony/.cache/typescript/4.2/node_modules/@types/ripemd160/index.d.ts'
[21:58:31.708] Adding entry into typings cache: 'rsvp' => '/home/tony/.cache/typescript/4.2/node_modules/@types/rsvp/index.d.ts'
[21:58:31.708] Adding entry into typings cache: 'run-parallel' => '/home/tony/.cache/typescript/4.2/node_modules/@types/run-parallel/index.d.ts'
[21:58:31.710] Adding entry into typings cache: 'safe-regex' => '/home/tony/.cache/typescript/4.2/node_modules/@types/safe-regex/index.d.ts'
[21:58:31.710] Adding entry into typings cache: 'safer-buffer' => '/home/tony/.cache/typescript/4.2/node_modules/@types/safer-buffer/index.d.ts'
[21:58:31.711] Adding entry into typings cache: 'sane' => '/home/tony/.cache/typescript/4.2/node_modules/@types/sane/index.d.ts'
[21:58:31.712] Adding entry into typings cache: 'sass-loader' => '/home/tony/.cache/typescript/4.2/node_modules/@types/sass-loader/index.d.ts'
[21:58:31.712] Adding entry into typings cache: 'sax' => '/home/tony/.cache/typescript/4.2/node_modules/@types/sax/index.d.ts'
[21:58:31.713] Adding entry into typings cache: 'scheduler' => '/home/tony/.cache/typescript/4.2/node_modules/@types/scheduler/index.d.ts'
[21:58:31.713] Adding entry into typings cache: 'seamless-immutable' => '/home/tony/.cache/typescript/4.2/node_modules/@types/seamless-immutable/index.d.ts'
[21:58:31.714] Adding entry into typings cache: 'semver' => '/home/tony/.cache/typescript/4.2/node_modules/@types/semver/index.d.ts'
[21:58:31.715] Adding entry into typings cache: 'send' => '/home/tony/.cache/typescript/4.2/node_modules/@types/send/index.d.ts'
[21:58:31.716] Adding entry into typings cache: 'serialize-javascript' => '/home/tony/.cache/typescript/4.2/node_modules/@types/serialize-javascript/index.d.ts'
[21:58:31.717] Adding entry into typings cache: 'serve-index' => '/home/tony/.cache/typescript/4.2/node_modules/@types/serve-index/index.d.ts'
[21:58:31.717] Adding entry into typings cache: 'serve-static' => '/home/tony/.cache/typescript/4.2/node_modules/@types/serve-static/index.d.ts'
[21:58:31.718] Adding entry into typings cache: 'set-value' => '/home/tony/.cache/typescript/4.2/node_modules/@types/set-value/index.d.ts'
[21:58:31.719] Adding entry into typings cache: 'setimmediate' => '/home/tony/.cache/typescript/4.2/node_modules/@types/setimmediate/index.d.ts'
[21:58:31.720] Adding entry into typings cache: 'sha.js' => '/home/tony/.cache/typescript/4.2/node_modules/@types/sha.js/index.d.ts'
[21:58:31.720] Adding entry into typings cache: 'shallowequal' => '/home/tony/.cache/typescript/4.2/node_modules/@types/shallowequal/index.d.ts'
[21:58:31.721] Adding entry into typings cache: 'shebang-command' => '/home/tony/.cache/typescript/4.2/node_modules/@types/shebang-command/index.d.ts'
[21:58:31.722] Adding entry into typings cache: 'shell-quote' => '/home/tony/.cache/typescript/4.2/node_modules/@types/shell-quote/index.d.ts'
[21:58:31.724] Adding entry into typings cache: 'signal-exit' => '/home/tony/.cache/typescript/4.2/node_modules/@types/signal-exit/index.d.ts'
[21:58:31.725] Adding entry into typings cache: 'slice-ansi' => '/home/tony/.cache/typescript/4.2/node_modules/@types/slice-ansi/index.d.ts'
[21:58:31.725] Adding entry into typings cache: 'slick-carousel' => '/home/tony/.cache/typescript/4.2/node_modules/@types/slick-carousel/index.d.ts'
[21:58:31.726] Adding entry into typings cache: 'sockjs' => '/home/tony/.cache/typescript/4.2/node_modules/@types/sockjs/index.d.ts'
[21:58:31.726] Adding entry into typings cache: 'sockjs-client' => '/home/tony/.cache/typescript/4.2/node_modules/@types/sockjs-client/index.d.ts'
[21:58:31.727] Adding entry into typings cache: 'source-list-map' => '/home/tony/.cache/typescript/4.2/node_modules/@types/source-list-map/index.d.ts'
[21:58:31.728] Adding entry into typings cache: 'source-map-support' => '/home/tony/.cache/typescript/4.2/node_modules/@types/source-map-support/index.d.ts'
[21:58:31.729] Adding entry into typings cache: 'spdx-correct' => '/home/tony/.cache/typescript/4.2/node_modules/@types/spdx-correct/index.d.ts'
[21:58:31.729] Adding entry into typings cache: 'spdx-expression-parse' => '/home/tony/.cache/typescript/4.2/node_modules/@types/spdx-expression-parse/index.d.ts'
[21:58:31.730] Adding entry into typings cache: 'spdy' => '/home/tony/.cache/typescript/4.2/node_modules/@types/spdy/index.d.ts'
[21:58:31.730] Adding entry into typings cache: 'split2' => '/home/tony/.cache/typescript/4.2/node_modules/@types/split2/index.d.ts'
[21:58:31.731] Adding entry into typings cache: 'sprintf' => '/home/tony/.cache/typescript/4.2/node_modules/@types/sprintf/index.d.ts'
[21:58:31.731] Adding entry into typings cache: 'sprintf-js' => '/home/tony/.cache/typescript/4.2/node_modules/@types/sprintf-js/index.d.ts'
[21:58:31.732] Adding entry into typings cache: 'sshpk' => '/home/tony/.cache/typescript/4.2/node_modules/@types/sshpk/index.d.ts'
[21:58:31.733] Adding entry into typings cache: 'ssri' => '/home/tony/.cache/typescript/4.2/node_modules/@types/ssri/index.d.ts'
[21:58:31.733] Adding entry into typings cache: 'stack-utils' => '/home/tony/.cache/typescript/4.2/node_modules/@types/stack-utils/index.d.ts'
[21:58:31.734] Adding entry into typings cache: 'statuses' => '/home/tony/.cache/typescript/4.2/node_modules/@types/statuses/index.d.ts'
[21:58:31.734] Adding entry into typings cache: 'stream-each' => '/home/tony/.cache/typescript/4.2/node_modules/@types/stream-each/index.d.ts'
[21:58:31.735] Adding entry into typings cache: 'stream-shift' => '/home/tony/.cache/typescript/4.2/node_modules/@types/stream-shift/index.d.ts'
[21:58:31.736] Adding entry into typings cache: 'strict-uri-encode' => '/home/tony/.cache/typescript/4.2/node_modules/@types/strict-uri-encode/index.d.ts'
[21:58:31.737] Adding entry into typings cache: 'string-natural-compare' => '/home/tony/.cache/typescript/4.2/node_modules/@types/string-natural-compare/index.d.ts'
[21:58:31.738] Adding entry into typings cache: 'string.prototype.matchall' => '/home/tony/.cache/typescript/4.2/node_modules/@types/string.prototype.matchall/index.d.ts'
[21:58:31.739] Adding entry into typings cache: 'stringify-object' => '/home/tony/.cache/typescript/4.2/node_modules/@types/stringify-object/index.d.ts'
[21:58:31.740] Adding entry into typings cache: 'strip-comments' => '/home/tony/.cache/typescript/4.2/node_modules/@types/strip-comments/index.d.ts'
[21:58:31.741] Adding entry into typings cache: 'superagent' => '/home/tony/.cache/typescript/4.2/node_modules/@types/superagent/index.d.ts'
[21:58:31.743] Adding entry into typings cache: 'supports-color' => '/home/tony/.cache/typescript/4.2/node_modules/@types/supports-color/index.d.ts'
[21:58:31.744] Adding entry into typings cache: 'svg-parser' => '/home/tony/.cache/typescript/4.2/node_modules/@types/svg-parser/index.d.ts'
[21:58:31.745] Adding entry into typings cache: 'svgo' => '/home/tony/.cache/typescript/4.2/node_modules/@types/svgo/index.d.ts'
[21:58:31.746] Adding entry into typings cache: 'symbol-tree' => '/home/tony/.cache/typescript/4.2/node_modules/@types/symbol-tree/index.d.ts'
[21:58:31.748] Adding entry into typings cache: 'table' => '/home/tony/.cache/typescript/4.2/node_modules/@types/table/index.d.ts'
[21:58:31.749] Adding entry into typings cache: 'tapable' => '/home/tony/.cache/typescript/4.2/node_modules/tapable/tapable.d.ts'
[21:58:31.750] Adding entry into typings cache: 'tar' => '/home/tony/.cache/typescript/4.2/node_modules/@types/tar/index.d.ts'
[21:58:31.753] Adding entry into typings cache: 'terser-webpack-plugin' => '/home/tony/.cache/typescript/4.2/node_modules/@types/terser-webpack-plugin/index.d.ts'
[21:58:31.754] Adding entry into typings cache: 'testing-library__jest-dom' => '/home/tony/.cache/typescript/4.2/node_modules/@types/testing-library__jest-dom/index.d.ts'
[21:58:31.755] Adding entry into typings cache: 'text-table' => '/home/tony/.cache/typescript/4.2/node_modules/@types/text-table/index.d.ts'
[21:58:31.756] Adding entry into typings cache: 'through' => '/home/tony/.cache/typescript/4.2/node_modules/@types/through/index.d.ts'
[21:58:31.757] Adding entry into typings cache: 'through2' => '/home/tony/.cache/typescript/4.2/node_modules/@types/through2/index.d.ts'
[21:58:31.758] Adding entry into typings cache: 'timsort' => '/home/tony/.cache/typescript/4.2/node_modules/@types/timsort/index.d.ts'
[21:58:31.760] Adding entry into typings cache: 'tinycolor2' => '/home/tony/.cache/typescript/4.2/node_modules/@types/tinycolor2/index.d.ts'
[21:58:31.761] Adding entry into typings cache: 'tmp' => '/home/tony/.cache/typescript/4.2/node_modules/@types/tmp/index.d.ts'
[21:58:31.762] Adding entry into typings cache: 'to-absolute-glob' => '/home/tony/.cache/typescript/4.2/node_modules/@types/to-absolute-glob/index.d.ts'
[21:58:31.763] Adding entry into typings cache: 'topo' => '/home/tony/.cache/typescript/4.2/node_modules/@types/topo/index.d.ts'
[21:58:31.763] Adding entry into typings cache: 'touch' => '/home/tony/.cache/typescript/4.2/node_modules/@types/touch/index.d.ts'
[21:58:31.764] Adding entry into typings cache: 'tough-cookie' => '/home/tony/.cache/typescript/4.2/node_modules/@types/tough-cookie/index.d.ts'
[21:58:31.764] Adding entry into typings cache: 'tryer' => '/home/tony/.cache/typescript/4.2/node_modules/@types/tryer/index.d.ts'
[21:58:31.765] Adding entry into typings cache: 'type-check' => '/home/tony/.cache/typescript/4.2/node_modules/@types/type-check/index.d.ts'
[21:58:31.765] Adding entry into typings cache: 'type-detect' => '/home/tony/.cache/typescript/4.2/node_modules/@types/type-detect/index.d.ts'
[21:58:31.766] Adding entry into typings cache: 'type-is' => '/home/tony/.cache/typescript/4.2/node_modules/@types/type-is/index.d.ts'
[21:58:31.767] Adding entry into typings cache: 'ua-parser-js' => '/home/tony/.cache/typescript/4.2/node_modules/@types/ua-parser-js/index.d.ts'
[21:58:31.767] Adding entry into typings cache: 'uglify-js' => '/home/tony/.cache/typescript/4.2/node_modules/@types/uglify-js/index.d.ts'
[21:58:31.768] Adding entry into typings cache: 'uglifyjs-webpack-plugin' => '/home/tony/.cache/typescript/4.2/node_modules/@types/uglifyjs-webpack-plugin/index.d.ts'
[21:58:31.768] Adding entry into typings cache: 'unc-path-regex' => '/home/tony/.cache/typescript/4.2/node_modules/@types/unc-path-regex/index.d.ts'
[21:58:31.769] Adding entry into typings cache: 'uniq' => '/home/tony/.cache/typescript/4.2/node_modules/@types/uniq/index.d.ts'
[21:58:31.769] Adding entry into typings cache: 'universalify' => '/home/tony/.cache/typescript/4.2/node_modules/@types/universalify/index.d.ts'
[21:58:31.770] Adding entry into typings cache: 'urix' => '/home/tony/.cache/typescript/4.2/node_modules/@types/urix/index.d.ts'
[21:58:31.771] Adding entry into typings cache: 'url-parse' => '/home/tony/.cache/typescript/4.2/node_modules/@types/url-parse/index.d.ts'
[21:58:31.772] Adding entry into typings cache: 'util-deprecate' => '/home/tony/.cache/typescript/4.2/node_modules/@types/util-deprecate/index.d.ts'
[21:58:31.773] Adding entry into typings cache: 'util.promisify' => '/home/tony/.cache/typescript/4.2/node_modules/@types/util.promisify/index.d.ts'
[21:58:31.773] Adding entry into typings cache: 'utils-merge' => '/home/tony/.cache/typescript/4.2/node_modules/@types/utils-merge/index.d.ts'
[21:58:31.774] Adding entry into typings cache: 'uuid' => '/home/tony/.cache/typescript/4.2/node_modules/@types/uuid/index.d.ts'
[21:58:31.774] Adding entry into typings cache: 'validate-npm-package-license' => '/home/tony/.cache/typescript/4.2/node_modules/@types/validate-npm-package-license/index.d.ts'
[21:58:31.775] Adding entry into typings cache: 'vary' => '/home/tony/.cache/typescript/4.2/node_modules/@types/vary/index.d.ts'
[21:58:31.775] Adding entry into typings cache: 'verror' => '/home/tony/.cache/typescript/4.2/node_modules/@types/verror/index.d.ts'
[21:58:31.776] Adding entry into typings cache: 'void-elements' => '/home/tony/.cache/typescript/4.2/node_modules/@types/void-elements/index.d.ts'
[21:58:31.776] Adding entry into typings cache: 'w3c-xmlserializer' => '/home/tony/.cache/typescript/4.2/node_modules/@types/w3c-xmlserializer/index.d.ts'
[21:58:31.777] Adding entry into typings cache: 'warning' => '/home/tony/.cache/typescript/4.2/node_modules/@types/warning/index.d.ts'
[21:58:31.778] Adding entry into typings cache: 'watchpack' => '/home/tony/.cache/typescript/4.2/node_modules/@types/watchpack/index.d.ts'
[21:58:31.779] Adding entry into typings cache: 'wcwidth' => '/home/tony/.cache/typescript/4.2/node_modules/@types/wcwidth/index.d.ts'
[21:58:31.779] Adding entry into typings cache: 'webidl-conversions' => '/home/tony/.cache/typescript/4.2/node_modules/@types/webidl-conversions/index.d.ts'
[21:58:31.781] Adding entry into typings cache: 'webpack' => '/home/tony/.cache/typescript/4.2/node_modules/webpack/types.d.ts'
[21:58:31.782] Adding entry into typings cache: 'webpack-dev-middleware' => '/home/tony/.cache/typescript/4.2/node_modules/@types/webpack-dev-middleware/index.d.ts'
[21:58:31.783] Adding entry into typings cache: 'webpack-dev-server' => '/home/tony/.cache/typescript/4.2/node_modules/@types/webpack-dev-server/index.d.ts'
[21:58:31.783] Adding entry into typings cache: 'webpack-manifest-plugin' => '/home/tony/.cache/typescript/4.2/node_modules/@types/webpack-manifest-plugin/index.d.ts'
[21:58:31.784] Adding entry into typings cache: 'webpack-merge' => '/home/tony/.cache/typescript/4.2/node_modules/@types/webpack-merge/index.d.ts'
[21:58:31.785] Adding entry into typings cache: 'webpack-sources' => '/home/tony/.cache/typescript/4.2/node_modules/@types/webpack-sources/index.d.ts'
[21:58:31.786] Adding entry into typings cache: 'whatwg-encoding' => '/home/tony/.cache/typescript/4.2/node_modules/@types/whatwg-encoding/index.d.ts'
[21:58:31.789] Adding entry into typings cache: 'whatwg-mimetype' => '/home/tony/.cache/typescript/4.2/node_modules/@types/whatwg-mimetype/index.d.ts'
[21:58:31.790] Adding entry into typings cache: 'whatwg-url' => '/home/tony/.cache/typescript/4.2/node_modules/@types/whatwg-url/index.d.ts'
[21:58:31.791] Adding entry into typings cache: 'which' => '/home/tony/.cache/typescript/4.2/node_modules/@types/which/index.d.ts'
[21:58:31.792] Adding entry into typings cache: 'wordwrap' => '/home/tony/.cache/typescript/4.2/node_modules/@types/wordwrap/index.d.ts'
[21:58:31.793] Adding entry into typings cache: 'workbox-background-sync' => '/home/tony/.cache/typescript/4.2/node_modules/@types/workbox-background-sync/index.d.ts'
[21:58:31.794] Adding entry into typings cache: 'workbox-build' => '/home/tony/.cache/typescript/4.2/node_modules/@types/workbox-build/index.d.ts'
[21:58:31.795] Adding entry into typings cache: 'workbox-cacheable-response' => '/home/tony/.cache/typescript/4.2/node_modules/@types/workbox-cacheable-response/index.d.ts'
[21:58:31.796] Adding entry into typings cache: 'workbox-core' => '/home/tony/.cache/typescript/4.2/node_modules/@types/workbox-core/index.d.ts'
[21:58:31.797] Adding entry into typings cache: 'workbox-google-analytics' => '/home/tony/.cache/typescript/4.2/node_modules/@types/workbox-google-analytics/index.d.ts'
[21:58:31.798] Adding entry into typings cache: 'workbox-navigation-preload' => '/home/tony/.cache/typescript/4.2/node_modules/@types/workbox-navigation-preload/index.d.ts'
[21:58:31.798] Adding entry into typings cache: 'workbox-precaching' => '/home/tony/.cache/typescript/4.2/node_modules/@types/workbox-precaching/index.d.ts'
[21:58:31.799] Adding entry into typings cache: 'workbox-range-requests' => '/home/tony/.cache/typescript/4.2/node_modules/@types/workbox-range-requests/index.d.ts'
[21:58:31.800] Adding entry into typings cache: 'workbox-routing' => '/home/tony/.cache/typescript/4.2/node_modules/@types/workbox-routing/index.d.ts'
[21:58:31.801] Adding entry into typings cache: 'workbox-strategies' => '/home/tony/.cache/typescript/4.2/node_modules/@types/workbox-strategies/index.d.ts'
[21:58:31.802] Adding entry into typings cache: 'workbox-streams' => '/home/tony/.cache/typescript/4.2/node_modules/@types/workbox-streams/index.d.ts'
[21:58:31.803] Adding entry into typings cache: 'workbox-sw' => '/home/tony/.cache/typescript/4.2/node_modules/@types/workbox-sw/index.d.ts'
[21:58:31.809] Adding entry into typings cache: 'workbox-webpack-plugin' => '/home/tony/.cache/typescript/4.2/node_modules/@types/workbox-webpack-plugin/index.d.ts'
[21:58:31.810] Adding entry into typings cache: 'wrap-ansi' => '/home/tony/.cache/typescript/4.2/node_modules/@types/wrap-ansi/index.d.ts'
[21:58:31.812] Adding entry into typings cache: 'write' => '/home/tony/.cache/typescript/4.2/node_modules/@types/write/index.d.ts'
[21:58:31.813] Adding entry into typings cache: 'write-file-atomic' => '/home/tony/.cache/typescript/4.2/node_modules/@types/write-file-atomic/index.d.ts'
[21:58:31.814] Adding entry into typings cache: 'ws' => '/home/tony/.cache/typescript/4.2/node_modules/@types/ws/index.d.ts'
[21:58:31.815] Adding entry into typings cache: 'xmldom' => '/home/tony/.cache/typescript/4.2/node_modules/@types/xmldom/index.d.ts'
[21:58:31.817] Adding entry into typings cache: 'xregexp' => '/home/tony/.cache/typescript/4.2/node_modules/@types/xregexp/index.d.ts'
[21:58:31.818] Adding entry into typings cache: 'xtend' => '/home/tony/.cache/typescript/4.2/node_modules/@types/xtend/index.d.ts'
[21:58:31.819] Adding entry into typings cache: 'y18n' => '/home/tony/.cache/typescript/4.2/node_modules/@types/y18n/index.d.ts'
[21:58:31.820] Adding entry into typings cache: 'yallist' => '/home/tony/.cache/typescript/4.2/node_modules/@types/yallist/index.d.ts'
[21:58:31.821] Adding entry into typings cache: 'yargs' => '/home/tony/.cache/typescript/4.2/node_modules/@types/yargs/index.d.ts'
[21:58:31.822] Adding entry into typings cache: 'yargs-parser' => '/home/tony/.cache/typescript/4.2/node_modules/@types/yargs-parser/index.d.ts'
[21:58:31.822] Finished processing cache location '/home/tony/.cache/typescript/4.2'
[21:58:31.823] Process id: 1914
[21:58:31.823] NPM location: /usr/bin/npm (explicit '--npmLocation' not  provided)
[21:58:31.823] validateDefaultNpmLocation: false
[21:58:31.823] Npm config file: /home/tony/.cache/typescript/4.2/package.json
[21:58:31.823] Updating types-registry npm package...
[21:58:31.824] Exec: /usr/bin/npm install --ignore-scripts types-registry@latest
